INFO   - main args=engauge gammaatmosbinary.png
INFO   - MainWindow::MainWindow curDir=/home/fpigeonneau/ownCloud/Python/PhaseDiagram/ExpeData
INFO   - MainWindow::setCurrentFile
INFO   - MainWindow::updateWindowTitle
INFO   - CreateFacade::create
INFO   - CreateIcons::create
INFO   - CreateCentralWidget::create
INFO   - CreateActions::create
INFO   - CreateActions::createFile
INFO   - CreateActions::createEdit
INFO   - CreateActions::createDigitize
INFO   - CreateActions::createView
INFO   - CreateActions::createSettings
INFO   - CreateActions::createHelp
INFO   - CreateStatusBar::create
INFO   - CreateMenus::create
INFO   - MainWindow::updateRecentFileList
INFO   - CreateToolBars::create
INFO   - CreateDockableWidgets::create
INFO   - FittingWindow::resizeTable
INFO   - GeometryWindow::loadStrategies
INFO   - GeometryWindow::initializeHeader
INFO   - GeometryWindow::resizeTable
INFO   - CreateHelpWindow::create
INFO   - HelpBrowser::loadResource scheme=qthelp
INFO   - CreateTutorial::create
INFO   - TutorialDlg::createSceneAndView
INFO   - TutorialStateContext::createStates
INFO   - TutorialStateChecklistWizardLines::TutorialStateChecklistWizardLines
INFO   - TutorialStateChecklistWizardPoints::TutorialStateChecklistWizardPoints
INFO   - TutorialStateColorFilter::TutorialStateColorFilter
INFO   - TutorialStateCurveSelection::TutorialStateCurveSelection
INFO   - TutorialStateCurveType::TutorialStateCurveType
INFO   - TutorialStateIntroduction::TutorialStateIntroduction
INFO   - TutorialStatePointMatch::TutorialStatePointMatch
INFO   - TutorialStateSegmentFill::TutorialStateSegmentFill
INFO   - TutorialStateContext::requestImmediateStateTransition
INFO   - TutorialStateIntroduction::begin ()
INFO   - TutorialStateContext::createTimer
INFO   - CreateScene::create
INFO   - CreateNetwork::create
INFO   - CreateLoadImage::create
INFO   - CreateStateContexts::create
INFO   - BackgroundStateContext::BackgroundStateContext
INFO   - BackgroundStateContext::requestStateTransition
INFO   - BackgroundStateContext::completeRequestedStateTransitionIfExists
INFO   - BackgroundStateUnloaded::begin
INFO   - DigitizeStateEmpty::begin
INFO   - ViewPointStyle::unsetPointStyle
INFO   - MainWindow::updateDigitizeStateIfSoftwareTriggered
INFO   - CreateSettingsDialogs::create
INFO   - DlgSettingsAbstractBase::DlgSettingsAbstractBase name=DlgSettingsCoords
INFO   - DlgSettingsCoords::DlgSettingsCoords
INFO   - DlgSettingsCoords::createSubPanel
INFO   - DlgSettingsCoords::createGroupCoordsType
INFO   - DlgSettingsCoords::createGroupXTheta
INFO   - DlgSettingsCoords::createGroupYRadius
INFO   - DlgSettingsCoords::createDateTime
INFO   - DlgSettingsCoords::createPreview
INFO   - DlgSettingsAbstractBase::DlgSettingsAbstractBase name=DlgSettingsCurveList
INFO   - DlgSettingsCurveList::DlgSettingsCurveList
INFO   - DlgSettingsCurveList::createSubPanel
INFO   - DlgSettingsCurveList::createListCurves
INFO   - DlgSettingsCurveList::createButtons
INFO   - DlgSettingsCurveList::createOptionalSaveDefault
INFO   - DlgSettingsAbstractBase::DlgSettingsAbstractBase name=DlgSettingsCurveProperties
INFO   - DlgSettingsCurveProperties::DlgSettingsCurveProperties
INFO   - DlgSettingsCurveProperties::createSubPanel
INFO   - DlgSettingsCurveProperties::createCurveName
INFO   - DlgSettingsCurveProperties::createPoint
INFO   - DlgSettingsCurveProperties::createLine
INFO   - DlgSettingsCurveProperties::createPreview
INFO   - DlgSettingsCurveProperties::createOptionalSaveDefault
INFO   - DlgSettingsAbstractBase::DlgSettingsAbstractBase name=DlgSettingsDigitizeCurve
INFO   - DlgSettingsDigitizeCurve::DlgSettingsDigitizeCurve
INFO   - DlgSettingsDigitizeCurve::createSubPanel
INFO   - DlgSettingsDigitizeCurve::createControls
INFO   - DlgSettingsDigitizeCurve::createPreview
INFO   - DlgSettingsAbstractBase::DlgSettingsAbstractBase name=DlgSettingsExportFormat
INFO   - DlgSettingsExportFormat::DlgSettingsExportFormat
INFO   - DlgSettingsExportFormat::createSubPanel
INFO   - DlgSettingsExportFormat::createCurveSelection
INFO   - DlgSettingsExportFormat::createTabWidget
INFO   - DlgSettingsExportFormat::createFunctionsPointsSelection
INFO   - DlgSettingsExportFormat::createRelationsPointsSelection
INFO   - DlgSettingsExportFormat::createDelimiters
INFO   - DlgSettingsExportFormat::createHeader
INFO   - DlgSettingsExportFormat::createXLabel
INFO   - DlgSettingsExportFormat::createFileLayout
INFO   - DlgSettingsExportFormat::createPreview
INFO   - DlgSettingsExportFormat::createOptionalSaveDefault
INFO   - DlgSettingsAbstractBase::DlgSettingsAbstractBase name=DlgSettingsColorFilter
INFO   - DlgSettingsColorFilter::DlgSettingsColorFilter
INFO   - DlgSettingsColorFilter::createSubPanel
INFO   - DlgSettingsColorFilter::createControls
INFO   - DlgSettingsColorFilter::createProfileAndScale
INFO   - DlgSettingsColorFilter::createPreview
INFO   - DlgSettingsAbstractBase::DlgSettingsAbstractBase name=DlgSettingsAxesChecker
INFO   - DlgSettingsAxesChecker::DlgSettingsAxesChecker
INFO   - DlgSettingsAxesChecker::createSubPanel
INFO   - DlgSettingsAxesChecker::createControls
INFO   - DlgSettingsAxesChecker::createPreview
INFO   - DlgSettingsAxesChecker::createPoints
INFO   - DlgSettingsAbstractBase::DlgSettingsAbstractBase name=DlgSettingsGridDisplay
INFO   - DlgSettingsGridDisplay::DlgSettingsGridDisplay
INFO   - DlgSettingsGridDisplay::createSubPanel
INFO   - DlgSettingsGridDisplay::createDisplayGridLinesX
INFO   - DlgSettingsGridDisplay::createDisplayGridLinesY
INFO   - DlgSettingsGridDisplay::createDisplayCommon
INFO   - DlgSettingsGridDisplay::createPreview
INFO   - DlgSettingsAbstractBase::DlgSettingsAbstractBase name=DlgSettingsGridRemoval
INFO   - DlgSettingsGridRemoval::DlgSettingsGridRemoval
INFO   - DlgSettingsGridRemoval::createSubPanel
INFO   - DlgSettingsGridRemoval::createRemoveGridLines
INFO   - DlgSettingsGridRemoval::createRemoveGridLinesX
INFO   - DlgSettingsGridRemoval::createRemoveGridLinesY
INFO   - DlgSettingsGridRemoval::createPreview
INFO   - DlgSettingsAbstractBase::DlgSettingsAbstractBase name=DlgSettingsPointMatch
INFO   - DlgSettingsPointMatch::DlgSettingsPointMatch
INFO   - DlgSettingsPointMatch::createSubPanel
INFO   - DlgSettingsPointMatch::createControls
INFO   - DlgSettingsPointMatch::createPreview
INFO   - DlgSettingsPointMatch::createTemplate
INFO   - DlgSettingsAbstractBase::DlgSettingsAbstractBase name=DlgSettingsSegments
INFO   - DlgSettingsSegments::DlgSettingsSegments
INFO   - DlgSettingsSegments::createSubPanel
INFO   - DlgSettingsSegments::createControls
INFO   - DlgSettingsSegments::createPreview
INFO   - DlgSettingsSegments::createPreviewImage
INFO   - DlgSettingsAbstractBase::DlgSettingsAbstractBase name=DlgSettingsGeneral
INFO   - DlgSettingsGeneral::DlgSettingsGeneral
INFO   - DlgSettingsGeneral::createSubPanel
INFO   - DlgSettingsGeneral::createControls
INFO   - DlgSettingsGeneral::createOptionalSaveDefault
INFO   - DlgSettingsAbstractBase::DlgSettingsAbstractBase name=DlgSettingsMainWindow
INFO   - DlgSettingsMainWindow::DlgSettingsMainWindow
INFO   - DlgSettingsMainWindow::createSubPanel
INFO   - DlgSettingsMainWindow::createControls
INFO   - DlgSettingsMainWindow::createOptionalSaveDefault
INFO   - CreateCommandStackShadow::create
INFO   - CmdStackShadow::CmdStackShadow
INFO   - CreateZoomMaps::create
INFO   - MainWindow::updateControls selectedItems=0
INFO   - MainWindow::slotViewToolBarChecklistGuide
INFO   - MainWindow::slotCmbBackground
INFO   - BackgroundStateContext::setBackgroundImage background=Filtered
INFO   - BackgroundStateContext::requestStateTransition
INFO   - BackgroundStateContext::completeRequestedStateTransitionIfExists
INFO   - BackgroundStateUnloaded::end
INFO   - BackgroundStateCurve::begin
INFO   - MainWindow::slotViewZoom
INFO   - MainWindow::slotViewZoomFactor
INFO   - StatusBar::slotZoom zoom=9
INFO   - MainWindow::slotViewZoom
INFO   - MainWindow::slotViewZoomFactor
INFO   - StatusBar::slotZoom zoom=9
INFO   - MainWindow::updateSettingsMainWindow
INFO   - MainWindow::updateWindowTitle
INFO   - MainWindow::updateFittingWindow
INFO   - MainWindow::updateGeometryWindow
INFO   - MainWindow::setCurrentFile
INFO   - MainWindow::updateWindowTitle
INFO   - MainWindow::showEvent files=/home/fpigeonneau/ownCloud/Python/PhaseDiagram/ExpeData/gammaatmosbinary.png
INFO   - MainWindow::slotLoadStartupFiles
INFO   - LoadFileInfo::loadsAsDigFile
INFO   - CoordSystemContext::CoordSystemContext
INFO   - Document::Document fileName=/home/fpigeonneau/ownCloud/Python/PhaseDiagram/ExpeData/gammaatmosbinary.png
INFO   - Document::bytesIndicatePreVersion6
INFO   - Document::versionFromFile
INFO   - Document::loadVersion6
INFO   - CoordSystemContext::addCoordSystems numberToAdd=1
INFO   - CoordSystem::CoordSystem
INFO   - CoordSystemContext::~CoordSystemContext
INFO   - MainWindow::fileImport fileName=/home/fpigeonneau/ownCloud/Python/PhaseDiagram/ExpeData/gammaatmosbinary.png curDir=/home/fpigeonneau/ownCloud/Python/PhaseDiagram/ExpeData importType=0
INFO   - Jpeg2000::load filename=/home/fpigeonneau/ownCloud/Python/PhaseDiagram/ExpeData/gammaatmosbinary.png
ERROR  - Jpeg2000::load encountered error creating decoding stream
INFO   - MainWindow::loadImage fileName=/home/fpigeonneau/ownCloud/Python/PhaseDiagram/ExpeData/gammaatmosbinary.png importType=0
INFO   - MainWindow::loadImageNewDocument fileName=/home/fpigeonneau/ownCloud/Python/PhaseDiagram/ExpeData/gammaatmosbinary.png importType=0
INFO   - CoordSystemContext::CoordSystemContext
INFO   - Document::Document image=987x961
INFO   - CoordSystemContext::addCoordSystems numberToAdd=1
INFO   - CoordSystem::CoordSystem
INFO   - CmdMediator::CmdMediator image=987x961
INFO   - MainWindow::setupAfterLoadNewDocument file=/home/fpigeonneau/ownCloud/Python/PhaseDiagram/ExpeData/gammaatmosbinary.png message=File imported importType=0
INFO   - DigitizeStateContext::resetOnLoad
INFO   - DocumentModelColorFilter::DocumentModelColorFilter
INFO   - BackgroundStateContext::setCurveSelected curve=
INFO   - BackgroundStateCurve::setCurveSelected curve=
INFO   - BackgroundStateCurve::processImageFromSavedInputs
INFO   - BackgroundStateAbstractBase::setProcessedPixmap map=(0x0)
INFO   - BackgroundStateNone::setCurveSelected
INFO   - BackgroundStateOriginal::setCurveSelected
INFO   - BackgroundStateUnloaded::setCurveSelected
INFO   - Document::curvesGraphsNames
INFO   - CoordSystemContext::curvesGraphsNames
INFO   - MainWindow::setPixmap
INFO   - DigitizeStateContext::setImageIsLoaded
INFO   - DigitizeStateContext::setCursor
INFO   - DocumentModelColorFilter::DocumentModelColorFilter
INFO   - BackgroundStateContext::setPixmap image=987x961 currentState=BackgroundStateCurve
INFO   - BackgroundStateCurve::setPixmap
INFO   - BackgroundStateCurve::processImageFromSavedInputs
INFO   - DocumentModelColorFilter::high curve=Curve1 curves=Axes,Curve1
INFO   - DocumentModelColorFilter::low curve=Curve1 curves=Axes,Curve1
INFO   - GridRemoval::remove transformationIsDefined=false removeDefinedGridLines=false
INFO   - BackgroundStateAbstractBase::setProcessedPixmap map=(987x961)
INFO   - BackgroundStateNone::setPixmap
INFO   - BackgroundStateAbstractBase::setProcessedPixmap map=(987x961)
INFO   - BackgroundStateOriginal::setPixmap
INFO   - BackgroundStateAbstractBase::setProcessedPixmap map=(987x961)
INFO   - BackgroundStateUnloaded::setPixmap
INFO   - Transformation::resetOnLoad
INFO   - TransformationStateContext::resetOnLoad
INFO   - GraphicsLinesForCurves::resetOnLoad
INFO   - GraphicsScene::resetOnLoad itemsBefore=4 itemsAfter=4
INFO   - MainWindow::loadCurveListFromCmdMediator
INFO   - Document::curvesGraphsNames
INFO   - CoordSystemContext::curvesGraphsNames
INFO   - MainWindow::loadCoordSystemListFromCmdMediator
INFO   - Document::coordSystemCount
INFO   - MainWindow::updateViewsOfSettings
INFO   - ViewPointStyle::unsetPointStyle
INFO   - DocumentModelColorFilter::DocumentModelColorFilter
INFO   - BackgroundStateContext::setCurveSelected curve=Curve1
INFO   - BackgroundStateCurve::setCurveSelected curve=Curve1
INFO   - BackgroundStateCurve::processImageFromSavedInputs
INFO   - DocumentModelColorFilter::high curve=Curve1 curves=Axes,Curve1
INFO   - DocumentModelColorFilter::low curve=Curve1 curves=Axes,Curve1
INFO   - GridRemoval::remove transformationIsDefined=false removeDefinedGridLines=false
INFO   - BackgroundStateAbstractBase::setProcessedPixmap map=(987x961)
INFO   - BackgroundStateNone::setCurveSelected
INFO   - BackgroundStateOriginal::setCurveSelected
INFO   - BackgroundStateUnloaded::setCurveSelected
INFO   - BackgroundStateContext::setBackgroundImage background=Filtered
INFO   - BackgroundStateContext::requestStateTransition
INFO   - BackgroundStateContext::completeRequestedStateTransitionIfExists
INFO   - MainWindow::slotViewZoom
INFO   - MainWindow::slotViewZoomFactor
INFO   - StatusBar::slotZoom zoom=9
INFO   - MainWindow::setCurrentFile
INFO   - MainWindow::updateWindowTitle
INFO   - MainWindow::saveStartingDocumentSnapshot
INFO   - CoordSystemContext::saveXml
INFO   - DocumentModelGeneral::saveXml
INFO   - DocumentModelCoords::saveXml
INFO   - DocumentModelDigitizeCurve::saveXml
INFO   - DocumentModelExportFormat::saveXml
INFO   - DocumentModelAxesChecker::saveXml
INFO   - DocumentModelGridDisplay::saveXml
INFO   - DocumentModelGridRemoval::saveXml
INFO   - DocumentModelPointMatch::saveXml
INFO   - DocumentModelSegments::saveXml
INFO   - Curve::saveXml
INFO   - ColorFilterSettings::saveXml
INFO   - CurveStyle::saveXml
INFO   - LineStyle::saveXml
INFO   - PointStyle::saveXml
INFO   - CurvesGraphs::saveXml
INFO   - Curve::saveXml
INFO   - ColorFilterSettings::saveXml
INFO   - CurveStyle::saveXml
INFO   - LineStyle::saveXml
INFO   - PointStyle::saveXml
INFO   - MainWindow::updateAfterCommand
INFO   - MainWindow::updateAfterCommandStatusBarCoords
INFO   - Document::iterateThroughCurvePointsAxes
INFO   - CoordSystemContext::iterateThroughCurvePointsAxes
INFO   - DocumentModelColorFilter::DocumentModelColorFilter
INFO   - BackgroundStateContext::setCurveSelected curve=Curve1
INFO   - BackgroundStateCurve::setCurveSelected curve=Curve1
INFO   - BackgroundStateCurve::processImageFromSavedInputs
INFO   - DocumentModelColorFilter::high curve=Curve1 curves=Axes,Curve1
INFO   - DocumentModelColorFilter::low curve=Curve1 curves=Axes,Curve1
INFO   - GridRemoval::remove transformationIsDefined=false removeDefinedGridLines=false
INFO   - BackgroundStateAbstractBase::setProcessedPixmap map=(987x961)
INFO   - BackgroundStateNone::setCurveSelected
INFO   - BackgroundStateOriginal::setCurveSelected
INFO   - BackgroundStateUnloaded::setCurveSelected
INFO   - MainWindow::updateGridLines
INFO   - GraphicsScene::updateAfterCommand
INFO   - GraphicsLinesForCurves::updateHighlightOpacity highlightOpacity=0.35
INFO   - GraphicsScene::updateCurves
INFO   - Document::curvesGraphsNames
INFO   - CoordSystemContext::curvesGraphsNames
INFO   - GraphicsLinesForCurves::addRemoveCurves curveCount=0
INFO   - GraphicsScene::updatePointMembership
INFO   - GraphicsLinesForCurves::lineMembershipReset
INFO   - GraphicsLinesForCurve::lineMembershipReset curve=Axes
INFO   - GraphicsLinesForCurve::lineMembershipReset curve=Curve1
INFO   - Document::iterateThroughCurvePointsAxes
INFO   - CoordSystemContext::iterateThroughCurvePointsAxes
INFO   - Document::iterateThroughCurvesPointsGraphs
INFO   - CoordSystemContext::iterateThroughCurvesPointsGraphs
INFO   - GraphicsLinesForCurves::lineMembershipPurge
INFO   - GraphicsLinesForCurve::lineMembershipPurge curve=Axes
INFO   - GraphicsLinesForCurve::updateGraphicsLinesToMatchGraphicsPoints numberPoints=0 ordinalRenumbering=false
INFO   - GraphicsLinesForCurve::lineMembershipPurge curve=Curve1
INFO   - GraphicsLinesForCurve::updateGraphicsLinesToMatchGraphicsPoints numberPoints=0 ordinalRenumbering=false
INFO   - GraphicsLinesForCurve::drawLinesStraight curve=Curve1
INFO   - DigitizeStateEmpty::updateAfterPointAddition
INFO   - MainWindow::updateControls selectedItems=0
INFO   - CmdStackShadow::canRedo
INFO   - MainWindow::updateChecklistGuide
INFO   - ChecklistGuide::update
INFO   - ChecklistGuideBrowser::update
INFO   - ChecklistGuideBrowser::repopulateCheckedTags
INFO   - Document::curveAxes
INFO   - CoordSystemContext::curveAxes
INFO   - Document::curveAxes
INFO   - CoordSystemContext::curveAxes
INFO   - Document::curveAxes
INFO   - CoordSystemContext::curveAxes
INFO   - ChecklistGuideBrowser::refresh
INFO   - ChecklistGuideBrowser::processAhrefs
INFO   - ChecklistGuideBrowser::bindToDocument
INFO   - ChecklistGuideBrowser::bindToDocument
INFO   - ChecklistGuideBrowser::bindToDocument
INFO   - ChecklistGuideBrowser::bindToDocument
INFO   - ChecklistGuideBrowser::bindToDocument
INFO   - ChecklistGuideBrowser::processCheckboxes
INFO   - ChecklistGuideBrowser::check
INFO   - ChecklistGuideBrowser::check
INFO   - ChecklistGuideBrowser::check
INFO   - ChecklistGuideBrowser::check
INFO   - ChecklistGuideBrowser::check
INFO   - ChecklistGuideBrowser::processDivs
INFO   - ChecklistGuideBrowser::divShow anchor=
INFO   - ChecklistGuideBrowser::divHide anchor=BACKGROUND
INFO   - ChecklistGuideBrowser::divHide anchor=AXIS1
INFO   - ChecklistGuideBrowser::divHide anchor=AXIS2
INFO   - ChecklistGuideBrowser::divHide anchor=AXIS3
INFO   - ChecklistGuideBrowser::divHide anchor=EXPORT
INFO   - MainWindow::updateFittingWindow
INFO   - FittingWindow::update
INFO   - FittingWindow::resizeTable
INFO   - MainWindow::slotFittingWindowCurveFit order=9
INFO   - MainWindow::updateGeometryWindow
INFO   - GeometryWindow::update
INFO   - Document::curveForCurveName
INFO   - CoordSystemContext::curveForCurveName
INFO   - GeometryWindow::resizeTable
INFO   - CoordSystemContext::printStream
INFO   - DocumentScrub::DocumentScrub
INFO   - DocumentScrub::check
INFO   - Document::iterateThroughCurvePointsAxes
INFO   - CoordSystemContext::iterateThroughCurvePointsAxes
INFO   - Document::iterateThroughCurvesPointsGraphs
INFO   - CoordSystemContext::iterateThroughCurvesPointsGraphs
INFO   - Document::coordSystemCount
INFO   - ChecklistGuidePageIntro::ChecklistGuidePageIntro
INFO   - ChecklistGuidePage::addHtml
INFO   - ChecklistGuideWizard::pageCurvesTitle
INFO   - ChecklistGuidePageCurves::ChecklistGuidePageCurves
INFO   - ChecklistGuidePage::addHtml
INFO   - ChecklistGuidePage::addLineEdit
INFO   - ChecklistGuidePage::addLineEdit
INFO   - ChecklistGuidePage::addLineEdit
INFO   - ChecklistGuidePage::addLineEdit
INFO   - ChecklistGuidePage::addLineEdit
INFO   - ChecklistGuidePage::addLineEdit
INFO   - ChecklistGuidePage::addHtml
INFO   - ChecklistGuidePage::addHtml
INFO   - ChecklistGuidePage::addLabelAndRadioButton
INFO   - ChecklistGuidePage::addLabelAndRadioButton
INFO   - ChecklistGuidePageConclusion::ChecklistGuidePageConclusion
INFO   - ChecklistGuidePage::addHtml
INFO   - ChecklistGuidePageCurves::isComplete
INFO   - ChecklistGuidePageCurves::curveNamesAreAllUnique
INFO   - ChecklistLineEdit::keyReleaseEvent
INFO   - ChecklistGuidePageCurves::slotTableChanged
INFO   - ChecklistGuidePageCurves::isComplete
INFO   - ChecklistGuidePageCurves::curveNamesAreAllUnique
INFO   - ChecklistGuidePageCurves::isComplete
INFO   - ChecklistGuidePageCurves::curveNamesAreAllUnique
INFO   - ChecklistLineEdit::keyReleaseEvent
INFO   - ChecklistGuidePageCurves::slotTableChanged
INFO   - ChecklistGuidePageCurves::isComplete
INFO   - ChecklistGuidePageCurves::curveNamesAreAllUnique
INFO   - ChecklistGuidePageCurves::isComplete
INFO   - ChecklistGuidePageCurves::curveNamesAreAllUnique
INFO   - ChecklistLineEdit::keyReleaseEvent
INFO   - ChecklistGuidePageCurves::slotTableChanged
INFO   - ChecklistGuidePageCurves::isComplete
INFO   - ChecklistGuidePageCurves::curveNamesAreAllUnique
INFO   - ChecklistGuidePageCurves::isComplete
INFO   - ChecklistGuidePageCurves::curveNamesAreAllUnique
INFO   - ChecklistLineEdit::keyReleaseEvent
INFO   - ChecklistGuidePageCurves::slotTableChanged
INFO   - ChecklistGuidePageCurves::isComplete
INFO   - ChecklistGuidePageCurves::curveNamesAreAllUnique
INFO   - ChecklistGuidePageCurves::isComplete
INFO   - ChecklistGuidePageCurves::curveNamesAreAllUnique
INFO   - ChecklistLineEdit::keyReleaseEvent
INFO   - ChecklistGuidePageCurves::slotTableChanged
INFO   - ChecklistGuidePageCurves::isComplete
INFO   - ChecklistGuidePageCurves::curveNamesAreAllUnique
INFO   - ChecklistGuidePageCurves::isComplete
INFO   - ChecklistGuidePageCurves::curveNamesAreAllUnique
INFO   - ChecklistLineEdit::keyReleaseEvent
INFO   - ChecklistGuidePageCurves::slotTableChanged
INFO   - ChecklistGuidePageCurves::isComplete
INFO   - ChecklistGuidePageCurves::isComplete
INFO   - ChecklistLineEdit::keyReleaseEvent
INFO   - ChecklistGuidePageCurves::slotTableChanged
INFO   - ChecklistGuidePageCurves::isComplete
INFO   - ChecklistGuidePageCurves::curveNamesAreAllUnique
INFO   - ChecklistGuidePageCurves::isComplete
INFO   - ChecklistGuidePageCurves::curveNamesAreAllUnique
INFO   - ChecklistLineEdit::keyReleaseEvent
INFO   - ChecklistGuidePageCurves::slotTableChanged
INFO   - ChecklistGuidePageCurves::isComplete
INFO   - ChecklistGuidePageCurves::curveNamesAreAllUnique
INFO   - ChecklistGuidePageCurves::isComplete
INFO   - ChecklistGuidePageCurves::curveNamesAreAllUnique
INFO   - ChecklistLineEdit::keyReleaseEvent
INFO   - ChecklistGuidePageCurves::slotTableChanged
INFO   - ChecklistGuidePageCurves::isComplete
INFO   - ChecklistGuidePageCurves::curveNamesAreAllUnique
INFO   - ChecklistGuidePageCurves::isComplete
INFO   - ChecklistGuidePageCurves::curveNamesAreAllUnique
INFO   - ChecklistLineEdit::keyReleaseEvent
INFO   - ChecklistGuidePageCurves::slotTableChanged
INFO   - ChecklistGuidePageCurves::isComplete
INFO   - ChecklistGuidePageCurves::curveNamesAreAllUnique
INFO   - ChecklistGuidePageCurves::isComplete
INFO   - ChecklistGuidePageCurves::curveNamesAreAllUnique
INFO   - ChecklistLineEdit::keyReleaseEvent
INFO   - ChecklistGuidePageCurves::slotTableChanged
INFO   - ChecklistGuidePageCurves::isComplete
INFO   - ChecklistGuidePageCurves::curveNamesAreAllUnique
INFO   - ChecklistGuidePageCurves::isComplete
INFO   - ChecklistGuidePageCurves::curveNamesAreAllUnique
INFO   - ChecklistGuidePageConclusion::validatePage
INFO   - Document::coordSystemCount
INFO   - ChecklistGuideWizard::templateHtml
INFO   - ChecklistGuideWizard::templateHtmlToAdjustColorFilterSettings
INFO   - ChecklistGuide::setTemplateHtml
INFO   - ChecklistGuideBrowser::refresh
INFO   - ChecklistGuideBrowser::processAhrefs
INFO   - ChecklistGuideBrowser::bindToDocument
INFO   - ChecklistGuideBrowser::bindToDocument
INFO   - ChecklistGuideBrowser::bindToDocument
INFO   - ChecklistGuideBrowser::bindToDocument
INFO   - ChecklistGuideBrowser::bindToDocument
INFO   - ChecklistGuideBrowser::bindToDocument
INFO   - ChecklistGuideBrowser::processCheckboxes
INFO   - ChecklistGuideBrowser::check
INFO   - ChecklistGuideBrowser::check
INFO   - ChecklistGuideBrowser::check
INFO   - ChecklistGuideBrowser::check
INFO   - ChecklistGuideBrowser::check
INFO   - ChecklistGuideBrowser::check
INFO   - ChecklistGuideBrowser::processDivs
INFO   - ChecklistGuideBrowser::divShow anchor=
INFO   - ChecklistGuideBrowser::divHide anchor=BACKGROUND
INFO   - ChecklistGuideBrowser::divHide anchor=AXIS1
INFO   - ChecklistGuideBrowser::divHide anchor=AXIS2
INFO   - ChecklistGuideBrowser::divHide anchor=AXIS3
INFO   - ChecklistGuideBrowser::divHide anchor=gamma
INFO   - ChecklistGuideBrowser::divHide anchor=EXPORT
INFO   - ChecklistGuideWizard::populateCurvesGraphs
INFO   - Document::setCurvesGraphs
INFO   - CoordSystemContext::setCurvesGraphs
INFO   - CoordSystem::setCurvesGraphs
INFO   - Document::coordSystemCount
INFO   - MainWindow::slotViewToolBarChecklistGuide
INFO   - MainWindow::loadCurveListFromCmdMediator
INFO   - Document::curvesGraphsNames
INFO   - CoordSystemContext::curvesGraphsNames
INFO   - MainWindow::loadCoordSystemListFromCmdMediator
INFO   - Document::coordSystemCount
INFO   - MainWindow::slotDigitizeAxis
INFO   - DigitizeStateEmpty::end
INFO   - DigitizeStateAxis::begin
INFO   - ViewPointStyle::setPointStyle
INFO   - ViewPointStyle::pixmapForCurrentSettings
INFO   - DocumentModelColorFilter::DocumentModelColorFilter
INFO   - ViewSegmentFilter::setColorFilterSettings
INFO   - MainWindow::updateDigitizeStateIfSoftwareTriggered
INFO   - MainWindow::slotDigitizeAxis
INFO   - ViewPointStyle::setEnabled enabled=true
INFO   - ViewPointStyle::pixmapForCurrentSettings
INFO   - ViewSegmentFilter::setEnabled enabled=true
INFO   - MainWindow::updateControls selectedItems=0
INFO   - CmdStackShadow::canRedo
INFO   - MainWindow::slotViewToolBarChecklistGuide
INFO   - ViewPointStyle::setEnabled enabled=true
INFO   - ViewPointStyle::pixmapForCurrentSettings
INFO   - ViewSegmentFilter::setEnabled enabled=true
INFO   - MainWindow::updateControls selectedItems=0
INFO   - CmdStackShadow::canRedo
INFO   - MainWindow::updateControls selectedItems=0
INFO   - CmdStackShadow::canRedo
INFO   - Document::coordSystemCount
INFO   - MainWindow::slotViewZoomOut
INFO   - ZoomTransition::zoomOut
INFO   - MainWindow::slotViewZoomFactor
INFO   - StatusBar::slotZoom zoom=10
INFO   - MainWindow::slotViewZoom
INFO   - MainWindow::slotViewZoomFactor
INFO   - StatusBar::slotZoom zoom=10
INFO   - MainWindow::slotViewZoomOut
INFO   - ZoomTransition::zoomOut
INFO   - MainWindow::slotViewZoomFactor
INFO   - StatusBar::slotZoom zoom=11
INFO   - MainWindow::slotViewZoom
INFO   - MainWindow::slotViewZoomFactor
INFO   - StatusBar::slotZoom zoom=11
INFO   - MainWindow::wheelEvent degrees=-15 phase=0
INFO   - MainWindow::slotViewZoomIn
INFO   - ZoomTransition::zoomIn
INFO   - MainWindow::slotViewZoomFactor
INFO   - StatusBar::slotZoom zoom=10
INFO   - MainWindow::slotViewZoom
INFO   - MainWindow::slotViewZoomFactor
INFO   - StatusBar::slotZoom zoom=10
INFO   - MainWindow::slotViewZoomIn
INFO   - ZoomTransition::zoomIn
INFO   - MainWindow::slotViewZoomFactor
INFO   - StatusBar::slotZoom zoom=9
INFO   - MainWindow::slotViewZoom
INFO   - MainWindow::slotViewZoomFactor
INFO   - StatusBar::slotZoom zoom=9
INFO   - MainWindow::wheelEvent degrees=-15 phase=0
INFO   - MainWindow::wheelEvent degrees=-15 phase=0
INFO   - MainWindow::wheelEvent degrees=-15 phase=0
INFO   - MainWindow::slotMousePress
INFO   - GraphicsScene::resetPositionHasChangedFlags
INFO   - DigitizeStateAxis::handleMousePress
INFO   - MainWindow::slotMouseRelease
INFO   - DigitizeStateAxis::handleMouseRelease
INFO   - Document::curveAxes
INFO   - CoordSystemContext::curveAxes
INFO   - GraphicsScene::createPoint identifier=Axes	0
INFO   - GraphicsPointPolygon::GraphicsPointPolygon
INFO   - GraphicsPointPolygon::GraphicsPointPolygon
INFO   - GraphicsScene::addTemporaryPoint identifer=Axes	0
INFO   - GraphicsLinesForCurves::addPoint curve=Axes identifier=Axes	0 ordinal=-1 pos=(159, 824)
INFO   - GraphicsLinesForCurve::addPoint curve=Axes identifier=Axes	0 ordinal=-1 pos=(159, 824) newPointCount=1
INFO   - DlgEditPointAxis::DlgEditPointAxis
INFO   - DlgValidatorFactory::DlgValidatorFactory
INFO   - DlgValidatorFactory::createCartesianOrPolarWithPolarPolar
INFO   - DlgValidatorFactory::createWithNonPolar
INFO   - DlgValidatorAbstract::DlgValidatorAbstract
INFO   - DlgValidatorNumber::DlgValidatorNumber
INFO   - DlgValidatorFactory::createCartesianOrPolarWithNonPolarPolar
INFO   - DlgValidatorFactory::createWithNonPolar
INFO   - DlgValidatorAbstract::DlgValidatorAbstract
INFO   - DlgValidatorNumber::DlgValidatorNumber
INFO   - DlgEditPointAxis::initializeGraphCoordinates
INFO   - DlgEditPointAxis::~DlgEditPointAxis
INFO   - GraphicsScene::removePoint identifier=Axes	0
INFO   - GraphicsLinesForCurves::removePoint point=Axes	0 curveCount=2
INFO   - GraphicsLinesForCurve::identifierToOrdinal identifier=Axes	0
INFO   - GraphicsLinesForCurve::removePoint point=-1 pointCount=1
INFO   - Document::nextOrdinalForCurve
INFO   - CoordSystemContext::nextOrdinalForCurve
INFO   - CallbackNextOrdinal::nextOrdinal ordinal=1
INFO   - Document::checkAddPointAxis
INFO   - CoordSystemContext::checkAddPointAxis
INFO   - CoordSystem::checkAddPointAxis posScreen=(159, 824) posGraph=(0, 0.2)
INFO   - Point::uniqueIdentifierGenerator curveName=Axes identifierIndex=0
INFO   - CmdAbstract::CmdAbstract
INFO   - CmdPointChangeBase::CmdPointChangeBase
INFO   - CmdAddPointAxis::CmdAddPointAxis posScreen=(159, 824) posGraph=(0, 0.2) ordinal=1
INFO   - DigitizeStateContext::appendNewCmd
INFO   - CmdAbstract::redo
INFO   - Point::identifierIndex identifierIndex=1
INFO   - CmdAddPointAxis::cmdRedo
INFO   - Document::iterateThroughCurvePointsAxes
INFO   - CoordSystemContext::iterateThroughCurvePointsAxes
INFO   - Document::iterateThroughCurvesPointsGraphs
INFO   - CoordSystemContext::iterateThroughCurvesPointsGraphs
INFO   - DocumentHashGenerator::generator result=įī┘Å
INFO   - CmdAbstract::saveOrCheckPreCommandDocumentStateHash stateHash=įī┘Å
INFO   - CmdPointChangeBase::saveDocumentState
INFO   - Document::curveAxes
INFO   - CoordSystemContext::curveAxes
INFO   - Document::curvesGraphs
INFO   - CoordSystemContext::curvesGraphs
INFO   - Document::addPointAxisWithGeneratedIdentifier
INFO   - CoordSystemContext::addPointAxisWithGeneratedIdentifier
INFO   - Point::uniqueIdentifierGenerator curveName=Axes identifierIndex=1
INFO   - CoordSystem::addPointAxisWithGeneratedIdentifier ordinal=1 posScreen=(159, 824) posGraph=(0, 0.2) identifier=Axes	point	1
INFO   - Document::updatePointOrdinals
INFO   - CoordSystemContext::updatePointOrdinals
INFO   - CoordSystem::updatePointOrdinals
INFO   - CurvesGraphs::updatePointOrdinals
INFO   - Curve::updatePointOrdinals curve=gamma connectAs=FunctionSmooth
INFO   - Curve::updatePointOrdinalsFunctions curve=gamma connectAs=FunctionSmooth
INFO   - MainWindow::updateAfterCommand
INFO   - MainWindow::updateAfterCommandStatusBarCoords
INFO   - Document::iterateThroughCurvePointsAxes
INFO   - CoordSystemContext::iterateThroughCurvePointsAxes
INFO   - DocumentModelColorFilter::DocumentModelColorFilter
INFO   - BackgroundStateContext::setCurveSelected curve=gamma
INFO   - BackgroundStateCurve::setCurveSelected curve=gamma
INFO   - BackgroundStateCurve::processImageFromSavedInputs
INFO   - DocumentModelColorFilter::high curve=gamma curves=gamma,Axes
INFO   - DocumentModelColorFilter::low curve=gamma curves=gamma,Axes
INFO   - GridRemoval::remove transformationIsDefined=false removeDefinedGridLines=false
INFO   - BackgroundStateAbstractBase::setProcessedPixmap map=(987x961)
INFO   - BackgroundStateNone::setCurveSelected
INFO   - BackgroundStateOriginal::setCurveSelected
INFO   - BackgroundStateUnloaded::setCurveSelected
INFO   - MainWindow::updateGridLines
INFO   - GraphicsScene::updateAfterCommand
INFO   - GraphicsLinesForCurves::updateHighlightOpacity highlightOpacity=0.35
INFO   - GraphicsLinesForCurve::updateCurveStyle curve=Axes highlightOpacity=0.35
INFO   - GraphicsLinesForCurve::updateCurveStyle curve=Curve1 highlightOpacity=0.35
INFO   - GraphicsScene::updateCurves
INFO   - Document::curvesGraphsNames
INFO   - CoordSystemContext::curvesGraphsNames
INFO   - GraphicsLinesForCurves::addRemoveCurves curveCount=2
INFO   - GraphicsScene::updatePointMembership
INFO   - GraphicsLinesForCurves::lineMembershipReset
INFO   - GraphicsLinesForCurve::lineMembershipReset curve=gamma
INFO   - GraphicsLinesForCurve::lineMembershipReset curve=Axes
INFO   - Document::iterateThroughCurvePointsAxes
INFO   - CoordSystemContext::iterateThroughCurvePointsAxes
INFO   - GraphicsScene::createPoint identifier=Axes	point	1
INFO   - GraphicsPointPolygon::GraphicsPointPolygon
INFO   - GraphicsPointPolygon::GraphicsPointPolygon
INFO   - Document::iterateThroughCurvesPointsGraphs
INFO   - CoordSystemContext::iterateThroughCurvesPointsGraphs
INFO   - GraphicsLinesForCurves::lineMembershipPurge
INFO   - GraphicsLinesForCurve::lineMembershipPurge curve=gamma
INFO   - GraphicsLinesForCurve::updateGraphicsLinesToMatchGraphicsPoints numberPoints=0 ordinalRenumbering=false
INFO   - GraphicsLinesForCurve::drawLinesStraight curve=gamma
INFO   - GraphicsLinesForCurve::lineMembershipPurge curve=Axes
INFO   - GraphicsLinesForCurve::renumberOrdinals
INFO   - GraphicsLinesForCurve::updateGraphicsLinesToMatchGraphicsPoints numberPoints=1 ordinalRenumbering=true
INFO   - DigitizeStateAxis::updateAfterPointAddition
INFO   - MainWindow::updateControls selectedItems=0
INFO   - CmdStackShadow::canRedo
INFO   - MainWindow::updateChecklistGuide
INFO   - ChecklistGuide::update
INFO   - ChecklistGuideBrowser::update
INFO   - ChecklistGuideBrowser::repopulateCheckedTags
INFO   - Document::curveAxes
INFO   - CoordSystemContext::curveAxes
INFO   - Document::curveAxes
INFO   - CoordSystemContext::curveAxes
INFO   - Document::curveAxes
INFO   - CoordSystemContext::curveAxes
INFO   - Document::curvesGraphsNumPoints
INFO   - CoordSystemContext::curvesGraphsNumPoints
INFO   - ChecklistGuideBrowser::refresh
INFO   - ChecklistGuideBrowser::processAhrefs
INFO   - ChecklistGuideBrowser::bindToDocument
INFO   - ChecklistGuideBrowser::bindToDocument
INFO   - ChecklistGuideBrowser::bindToDocument
INFO   - ChecklistGuideBrowser::bindToDocument
INFO   - ChecklistGuideBrowser::bindToDocument
INFO   - ChecklistGuideBrowser::bindToDocument
INFO   - ChecklistGuideBrowser::processCheckboxes
INFO   - ChecklistGuideBrowser::check
INFO   - ChecklistGuideBrowser::check
INFO   - ChecklistGuideBrowser::check
INFO   - ChecklistGuideBrowser::check
INFO   - ChecklistGuideBrowser::check
INFO   - ChecklistGuideBrowser::check
INFO   - ChecklistGuideBrowser::processDivs
INFO   - ChecklistGuideBrowser::divShow anchor=
INFO   - ChecklistGuideBrowser::divHide anchor=BACKGROUND
INFO   - ChecklistGuideBrowser::divHide anchor=AXIS1
INFO   - ChecklistGuideBrowser::divHide anchor=AXIS2
INFO   - ChecklistGuideBrowser::divHide anchor=AXIS3
INFO   - ChecklistGuideBrowser::divHide anchor=gamma
INFO   - ChecklistGuideBrowser::divHide anchor=EXPORT
INFO   - MainWindow::updateFittingWindow
INFO   - FittingWindow::update
INFO   - FittingWindow::resizeTable
INFO   - MainWindow::slotFittingWindowCurveFit order=9
INFO   - MainWindow::updateGeometryWindow
INFO   - GeometryWindow::update
INFO   - Document::curveForCurveName
INFO   - CoordSystemContext::curveForCurveName
INFO   - GeometryWindow::resizeTable
INFO   - CoordSystemContext::printStream
INFO   - DocumentScrub::DocumentScrub
INFO   - DocumentScrub::check
INFO   - Document::iterateThroughCurvePointsAxes
INFO   - CoordSystemContext::iterateThroughCurvePointsAxes
INFO   - Document::iterateThroughCurvesPointsGraphs
INFO   - CoordSystemContext::iterateThroughCurvesPointsGraphs
INFO   - Document::iterateThroughCurvePointsAxes
INFO   - CoordSystemContext::iterateThroughCurvePointsAxes
INFO   - Document::iterateThroughCurvesPointsGraphs
INFO   - CoordSystemContext::iterateThroughCurvesPointsGraphs
INFO   - DocumentHashGenerator::generator result=
INFO   - CmdAbstract::saveOrCheckPostCommandDocumentStateHash stateHash=
INFO   - Point::identifierIndex identifierIndex=2
INFO   - CmdAbstract::redo identifierIndex=1->2
INFO   - CmdStackShadow::canRedo
INFO   - MainWindow::slotCleanChanged
INFO   - MainWindow::slotMousePress
INFO   - GraphicsScene::resetPositionHasChangedFlags
INFO   - DigitizeStateAxis::handleMousePress
INFO   - MainWindow::slotMouseRelease
INFO   - DigitizeStateAxis::handleMouseRelease
INFO   - Document::curveAxes
INFO   - CoordSystemContext::curveAxes
INFO   - GraphicsScene::createPoint identifier=Axes	0
INFO   - GraphicsPointPolygon::GraphicsPointPolygon
INFO   - GraphicsPointPolygon::GraphicsPointPolygon
INFO   - GraphicsScene::addTemporaryPoint identifer=Axes	0
INFO   - GraphicsLinesForCurves::addPoint curve=Axes identifier=Axes	0 ordinal=-1 pos=(949, 824)
INFO   - GraphicsLinesForCurve::addPoint curve=Axes identifier=Axes	0 ordinal=-1 pos=(949, 824) newPointCount=2
INFO   - DlgEditPointAxis::DlgEditPointAxis
INFO   - DlgValidatorFactory::DlgValidatorFactory
INFO   - DlgValidatorFactory::createCartesianOrPolarWithPolarPolar
INFO   - DlgValidatorFactory::createWithNonPolar
INFO   - DlgValidatorAbstract::DlgValidatorAbstract
INFO   - DlgValidatorNumber::DlgValidatorNumber
INFO   - DlgValidatorFactory::createCartesianOrPolarWithNonPolarPolar
INFO   - DlgValidatorFactory::createWithNonPolar
INFO   - DlgValidatorAbstract::DlgValidatorAbstract
INFO   - DlgValidatorNumber::DlgValidatorNumber
INFO   - DlgEditPointAxis::initializeGraphCoordinates
INFO   - DlgEditPointAxis::~DlgEditPointAxis
INFO   - GraphicsScene::removePoint identifier=Axes	0
INFO   - GraphicsLinesForCurves::removePoint point=Axes	0 curveCount=2
INFO   - GraphicsLinesForCurve::identifierToOrdinal identifier=Axes	0
INFO   - GraphicsLinesForCurve::removePoint point=-1 pointCount=2
INFO   - Document::nextOrdinalForCurve
INFO   - CoordSystemContext::nextOrdinalForCurve
INFO   - CallbackNextOrdinal::nextOrdinal ordinal=2
INFO   - Document::checkAddPointAxis
INFO   - CoordSystemContext::checkAddPointAxis
INFO   - CoordSystem::checkAddPointAxis posScreen=(949, 824) posGraph=(1, 0.2)
INFO   - Point::uniqueIdentifierGenerator curveName=Axes identifierIndex=2
INFO   - CmdAbstract::CmdAbstract
INFO   - CmdPointChangeBase::CmdPointChangeBase
INFO   - CmdAddPointAxis::CmdAddPointAxis posScreen=(949, 824) posGraph=(1, 0.2) ordinal=2
INFO   - DigitizeStateContext::appendNewCmd
INFO   - CmdAbstract::redo
INFO   - Point::identifierIndex identifierIndex=3
INFO   - CmdAddPointAxis::cmdRedo
INFO   - Document::iterateThroughCurvePointsAxes
INFO   - CoordSystemContext::iterateThroughCurvePointsAxes
INFO   - Document::iterateThroughCurvesPointsGraphs
INFO   - CoordSystemContext::iterateThroughCurvesPointsGraphs
INFO   - DocumentHashGenerator::generator result=
INFO   - CmdAbstract::saveOrCheckPreCommandDocumentStateHash stateHash=
INFO   - CmdPointChangeBase::saveDocumentState
INFO   - Document::curveAxes
INFO   - CoordSystemContext::curveAxes
INFO   - Document::curvesGraphs
INFO   - CoordSystemContext::curvesGraphs
INFO   - Document::addPointAxisWithGeneratedIdentifier
INFO   - CoordSystemContext::addPointAxisWithGeneratedIdentifier
INFO   - Point::uniqueIdentifierGenerator curveName=Axes identifierIndex=3
INFO   - CoordSystem::addPointAxisWithGeneratedIdentifier ordinal=2 posScreen=(949, 824) posGraph=(1, 0.2) identifier=Axes	point	3
INFO   - Document::updatePointOrdinals
INFO   - CoordSystemContext::updatePointOrdinals
INFO   - CoordSystem::updatePointOrdinals
INFO   - CurvesGraphs::updatePointOrdinals
INFO   - Curve::updatePointOrdinals curve=gamma connectAs=FunctionSmooth
INFO   - Curve::updatePointOrdinalsFunctions curve=gamma connectAs=FunctionSmooth
INFO   - MainWindow::updateAfterCommand
INFO   - MainWindow::updateAfterCommandStatusBarCoords
INFO   - Document::iterateThroughCurvePointsAxes
INFO   - CoordSystemContext::iterateThroughCurvePointsAxes
INFO   - DocumentModelColorFilter::DocumentModelColorFilter
INFO   - BackgroundStateContext::setCurveSelected curve=gamma
INFO   - BackgroundStateCurve::setCurveSelected curve=gamma
INFO   - BackgroundStateCurve::processImageFromSavedInputs
INFO   - DocumentModelColorFilter::high curve=gamma curves=gamma,Axes
INFO   - DocumentModelColorFilter::low curve=gamma curves=gamma,Axes
INFO   - GridRemoval::remove transformationIsDefined=false removeDefinedGridLines=false
INFO   - BackgroundStateAbstractBase::setProcessedPixmap map=(987x961)
INFO   - BackgroundStateNone::setCurveSelected
INFO   - BackgroundStateOriginal::setCurveSelected
INFO   - BackgroundStateUnloaded::setCurveSelected
INFO   - MainWindow::updateGridLines
INFO   - GraphicsScene::updateAfterCommand
INFO   - GraphicsLinesForCurves::updateHighlightOpacity highlightOpacity=0.35
INFO   - GraphicsLinesForCurve::updateCurveStyle curve=gamma highlightOpacity=0.35
INFO   - GraphicsLinesForCurve::updateCurveStyle curve=Axes highlightOpacity=0.35
INFO   - GraphicsScene::updateCurves
INFO   - Document::curvesGraphsNames
INFO   - CoordSystemContext::curvesGraphsNames
INFO   - GraphicsLinesForCurves::addRemoveCurves curveCount=2
INFO   - GraphicsScene::updatePointMembership
INFO   - GraphicsLinesForCurves::lineMembershipReset
INFO   - GraphicsLinesForCurve::lineMembershipReset curve=gamma
INFO   - GraphicsLinesForCurve::lineMembershipReset curve=Axes
INFO   - Document::iterateThroughCurvePointsAxes
INFO   - CoordSystemContext::iterateThroughCurvePointsAxes
INFO   - GraphicsScene::createPoint identifier=Axes	point	1
INFO   - GraphicsPointPolygon::GraphicsPointPolygon
INFO   - GraphicsPointPolygon::GraphicsPointPolygon
INFO   - GraphicsScene::createPoint identifier=Axes	point	3
INFO   - GraphicsPointPolygon::GraphicsPointPolygon
INFO   - GraphicsPointPolygon::GraphicsPointPolygon
INFO   - Document::iterateThroughCurvesPointsGraphs
INFO   - CoordSystemContext::iterateThroughCurvesPointsGraphs
INFO   - GraphicsLinesForCurves::lineMembershipPurge
INFO   - GraphicsLinesForCurve::lineMembershipPurge curve=gamma
INFO   - GraphicsLinesForCurve::updateGraphicsLinesToMatchGraphicsPoints numberPoints=0 ordinalRenumbering=false
INFO   - GraphicsLinesForCurve::drawLinesStraight curve=gamma
INFO   - GraphicsLinesForCurve::lineMembershipPurge curve=Axes
INFO   - GraphicsLinesForCurve::renumberOrdinals
INFO   - GraphicsLinesForCurve::updateGraphicsLinesToMatchGraphicsPoints numberPoints=2 ordinalRenumbering=true
INFO   - DigitizeStateAxis::updateAfterPointAddition
INFO   - MainWindow::updateControls selectedItems=0
INFO   - CmdStackShadow::canRedo
INFO   - MainWindow::updateChecklistGuide
INFO   - ChecklistGuide::update
INFO   - ChecklistGuideBrowser::update
INFO   - ChecklistGuideBrowser::repopulateCheckedTags
INFO   - Document::curveAxes
INFO   - CoordSystemContext::curveAxes
INFO   - Document::curveAxes
INFO   - CoordSystemContext::curveAxes
INFO   - Document::curveAxes
INFO   - CoordSystemContext::curveAxes
INFO   - Document::curvesGraphsNumPoints
INFO   - CoordSystemContext::curvesGraphsNumPoints
INFO   - ChecklistGuideBrowser::refresh
INFO   - ChecklistGuideBrowser::processAhrefs
INFO   - ChecklistGuideBrowser::bindToDocument
INFO   - ChecklistGuideBrowser::bindToDocument
INFO   - ChecklistGuideBrowser::bindToDocument
INFO   - ChecklistGuideBrowser::bindToDocument
INFO   - ChecklistGuideBrowser::bindToDocument
INFO   - ChecklistGuideBrowser::bindToDocument
INFO   - ChecklistGuideBrowser::processCheckboxes
INFO   - ChecklistGuideBrowser::check
INFO   - ChecklistGuideBrowser::check
INFO   - ChecklistGuideBrowser::check
INFO   - ChecklistGuideBrowser::check
INFO   - ChecklistGuideBrowser::check
INFO   - ChecklistGuideBrowser::check
INFO   - ChecklistGuideBrowser::processDivs
INFO   - ChecklistGuideBrowser::divShow anchor=
INFO   - ChecklistGuideBrowser::divHide anchor=BACKGROUND
INFO   - ChecklistGuideBrowser::divHide anchor=AXIS1
INFO   - ChecklistGuideBrowser::divHide anchor=AXIS2
INFO   - ChecklistGuideBrowser::divHide anchor=AXIS3
INFO   - ChecklistGuideBrowser::divHide anchor=gamma
INFO   - ChecklistGuideBrowser::divHide anchor=EXPORT
INFO   - MainWindow::updateFittingWindow
INFO   - FittingWindow::update
INFO   - FittingWindow::resizeTable
INFO   - MainWindow::slotFittingWindowCurveFit order=9
INFO   - MainWindow::updateGeometryWindow
INFO   - GeometryWindow::update
INFO   - Document::curveForCurveName
INFO   - CoordSystemContext::curveForCurveName
INFO   - GeometryWindow::resizeTable
INFO   - CoordSystemContext::printStream
INFO   - DocumentScrub::DocumentScrub
INFO   - DocumentScrub::check
INFO   - Document::iterateThroughCurvePointsAxes
INFO   - CoordSystemContext::iterateThroughCurvePointsAxes
INFO   - Document::iterateThroughCurvesPointsGraphs
INFO   - CoordSystemContext::iterateThroughCurvesPointsGraphs
INFO   - Document::iterateThroughCurvePointsAxes
INFO   - CoordSystemContext::iterateThroughCurvePointsAxes
INFO   - Document::iterateThroughCurvesPointsGraphs
INFO   - CoordSystemContext::iterateThroughCurvesPointsGraphs
INFO   - DocumentHashGenerator::generator result=é²ųb(>├\čČnģPĆX
INFO   - CmdAbstract::saveOrCheckPostCommandDocumentStateHash stateHash=é²ųb(>├\čČnģPĆX
INFO   - Point::identifierIndex identifierIndex=4
INFO   - CmdAbstract::redo identifierIndex=3->4
INFO   - CmdStackShadow::canRedo
INFO   - MainWindow::wheelEvent degrees=15 phase=0
INFO   - MainWindow::wheelEvent degrees=15 phase=0
INFO   - MainWindow::wheelEvent degrees=15 phase=0
INFO   - MainWindow::wheelEvent degrees=15 phase=0
INFO   - MainWindow::wheelEvent degrees=15 phase=0
INFO   - MainWindow::wheelEvent degrees=15 phase=0
INFO   - MainWindow::wheelEvent degrees=15 phase=0
INFO   - MainWindow::wheelEvent degrees=15 phase=0
INFO   - MainWindow::wheelEvent degrees=15 phase=0
INFO   - MainWindow::wheelEvent degrees=15 phase=0
INFO   - MainWindow::wheelEvent degrees=-15 phase=0
INFO   - MainWindow::wheelEvent degrees=-15 phase=0
INFO   - MainWindow::wheelEvent degrees=-15 phase=0
INFO   - MainWindow::wheelEvent degrees=-15 phase=0
INFO   - MainWindow::wheelEvent degrees=-15 phase=0
INFO   - MainWindow::wheelEvent degrees=-15 phase=0
INFO   - MainWindow::wheelEvent degrees=-15 phase=0
INFO   - MainWindow::wheelEvent degrees=-15 phase=0
INFO   - MainWindow::wheelEvent degrees=15 phase=0
INFO   - MainWindow::wheelEvent degrees=15 phase=0
INFO   - MainWindow::wheelEvent degrees=15 phase=0
INFO   - MainWindow::wheelEvent degrees=15 phase=0
INFO   - MainWindow::wheelEvent degrees=15 phase=0
INFO   - MainWindow::wheelEvent degrees=15 phase=0
INFO   - MainWindow::wheelEvent degrees=15 phase=0
INFO   - MainWindow::wheelEvent degrees=15 phase=0
INFO   - MainWindow::wheelEvent degrees=15 phase=0
INFO   - MainWindow::wheelEvent degrees=15 phase=0
INFO   - MainWindow::wheelEvent degrees=15 phase=0
INFO   - MainWindow::slotMousePress
INFO   - GraphicsScene::resetPositionHasChangedFlags
INFO   - DigitizeStateAxis::handleMousePress
INFO   - MainWindow::slotMouseRelease
INFO   - DigitizeStateAxis::handleMouseRelease
INFO   - Document::curveAxes
INFO   - CoordSystemContext::curveAxes
INFO   - GraphicsScene::createPoint identifier=Axes	0
INFO   - GraphicsPointPolygon::GraphicsPointPolygon
INFO   - GraphicsPointPolygon::GraphicsPointPolygon
INFO   - GraphicsScene::addTemporaryPoint identifer=Axes	0
INFO   - GraphicsLinesForCurves::addPoint curve=Axes identifier=Axes	0 ordinal=-1 pos=(159, 33)
INFO   - GraphicsLinesForCurve::addPoint curve=Axes identifier=Axes	0 ordinal=-1 pos=(159, 33) newPointCount=3
INFO   - DlgEditPointAxis::DlgEditPointAxis
INFO   - DlgValidatorFactory::DlgValidatorFactory
INFO   - DlgValidatorFactory::createCartesianOrPolarWithPolarPolar
INFO   - DlgValidatorFactory::createWithNonPolar
INFO   - DlgValidatorAbstract::DlgValidatorAbstract
INFO   - DlgValidatorNumber::DlgValidatorNumber
INFO   - DlgValidatorFactory::createCartesianOrPolarWithNonPolarPolar
INFO   - DlgValidatorFactory::createWithNonPolar
INFO   - DlgValidatorAbstract::DlgValidatorAbstract
INFO   - DlgValidatorNumber::DlgValidatorNumber
INFO   - DlgEditPointAxis::initializeGraphCoordinates
INFO   - DlgEditPointAxis::~DlgEditPointAxis
INFO   - GraphicsScene::removePoint identifier=Axes	0
INFO   - GraphicsLinesForCurves::removePoint point=Axes	0 curveCount=2
INFO   - GraphicsLinesForCurve::identifierToOrdinal identifier=Axes	0
INFO   - GraphicsLinesForCurve::removePoint point=-1 pointCount=3
INFO   - Document::nextOrdinalForCurve
INFO   - CoordSystemContext::nextOrdinalForCurve
INFO   - CallbackNextOrdinal::nextOrdinal ordinal=3
INFO   - Document::checkAddPointAxis
INFO   - CoordSystemContext::checkAddPointAxis
INFO   - CoordSystem::checkAddPointAxis posScreen=(159, 33) posGraph=(0, 0.7)
INFO   - Point::uniqueIdentifierGenerator curveName=Axes identifierIndex=4
INFO   - CmdAbstract::CmdAbstract
INFO   - CmdPointChangeBase::CmdPointChangeBase
INFO   - CmdAddPointAxis::CmdAddPointAxis posScreen=(159, 33) posGraph=(0, 0.7) ordinal=3
INFO   - DigitizeStateContext::appendNewCmd
INFO   - CmdAbstract::redo
INFO   - Point::identifierIndex identifierIndex=5
INFO   - CmdAddPointAxis::cmdRedo
INFO   - Document::iterateThroughCurvePointsAxes
INFO   - CoordSystemContext::iterateThroughCurvePointsAxes
INFO   - Document::iterateThroughCurvesPointsGraphs
INFO   - CoordSystemContext::iterateThroughCurvesPointsGraphs
INFO   - DocumentHashGenerator::generator result=é²ųb(>├\čČnģPĆX
INFO   - CmdAbstract::saveOrCheckPreCommandDocumentStateHash stateHash=é²ųb(>├\čČnģPĆX
INFO   - CmdPointChangeBase::saveDocumentState
INFO   - Document::curveAxes
INFO   - CoordSystemContext::curveAxes
INFO   - Document::curvesGraphs
INFO   - CoordSystemContext::curvesGraphs
INFO   - Document::addPointAxisWithGeneratedIdentifier
INFO   - CoordSystemContext::addPointAxisWithGeneratedIdentifier
INFO   - Point::uniqueIdentifierGenerator curveName=Axes identifierIndex=5
INFO   - CoordSystem::addPointAxisWithGeneratedIdentifier ordinal=3 posScreen=(159, 33) posGraph=(0, 0.7) identifier=Axes	point	5
INFO   - Document::updatePointOrdinals
INFO   - CoordSystemContext::updatePointOrdinals
INFO   - CoordSystem::updatePointOrdinals
INFO   - CurvesGraphs::updatePointOrdinals
INFO   - Curve::updatePointOrdinals curve=gamma connectAs=FunctionSmooth
INFO   - Curve::updatePointOrdinalsFunctions curve=gamma connectAs=FunctionSmooth
INFO   - MainWindow::updateAfterCommand
INFO   - MainWindow::updateAfterCommandStatusBarCoords
INFO   - Document::iterateThroughCurvePointsAxes
INFO   - CoordSystemContext::iterateThroughCurvePointsAxes
INFO   - Transformation::calculateTransformFromLinearCartesianPoints
INFO   - Transformation::updateTransformFromMatrices matrixScreen=
                         159            949            159
                         824            824             33
                           1              1              1  matrixGraphRaw=
                           0              1              0
                         0.2            0.2            0.7
                           1              1              1  matrixGraphLinear=
                           0              1              0
                         0.2            0.2            0.7
                           1              1              1
 originalScreen0=(159, 824)
 originalScreen1=(949, 824)
 originalScreen2=(159, 33)
 roundTripScreen0=(159, 824)
 roundTripScreen1=(949, 824)
 roundTripScreen2=(159, 33)

INFO   - DocumentModelColorFilter::DocumentModelColorFilter
INFO   - BackgroundStateContext::setCurveSelected curve=gamma
INFO   - BackgroundStateCurve::setCurveSelected curve=gamma
INFO   - BackgroundStateCurve::processImageFromSavedInputs
INFO   - DocumentModelColorFilter::high curve=gamma curves=gamma,Axes
INFO   - DocumentModelColorFilter::low curve=gamma curves=gamma,Axes
INFO   - GridRemoval::remove transformationIsDefined=true removeDefinedGridLines=false
INFO   - BackgroundStateAbstractBase::setProcessedPixmap map=(987x961)
INFO   - BackgroundStateNone::setCurveSelected
INFO   - BackgroundStateOriginal::setCurveSelected
INFO   - BackgroundStateUnloaded::setCurveSelected
INFO   - MainWindow::updateGridLines
INFO   - TransformationStateContext::triggerStateTransition
INFO   - TransformationStateDefined::begin
INFO   - Document::initializeGridDisplay
INFO   - Document::iterateThroughCurvePointsAxes
INFO   - CoordSystemContext::iterateThroughCurvePointsAxes
INFO   - GridInitializer::initializeWithWidePolarCoverage
INFO   - GridInitializer::initializeWithNarrowCoverage
INFO   - CoordSystemContext::setModelGridDisplay
INFO   - TransformationStateDefined::initializeModelGridRemoval
INFO   - DocumentModelColorFilter::DocumentModelColorFilter
INFO   - DocumentModelColorFilter::high curve=gamma curves=gamma,Axes
INFO   - DocumentModelColorFilter::low curve=gamma curves=gamma,Axes
INFO   - GridRemoval::remove transformationIsDefined=true removeDefinedGridLines=false
INFO   - GridClassifier::classify
INFO   - GridClassifier::computeGraphCoordinateLimits
INFO   - GridClassifier::initializeHistogramBins
INFO   - GridClassifier::populateHistogramBins
INFO   - GridClassifier::searchStartStepSpace
INFO   - GridClassifier::searchStartStepSpace
INFO   - GridClassifier::searchCountSpace start=159 step=79
INFO   - GridClassifier::searchCountSpace start=34 step=54
INFO   - Document::setModelGridRemoval
INFO   - CoordSystemContext::setModelGridRemoval
INFO   - Document::iterateThroughCurvePointsAxes
INFO   - CoordSystemContext::iterateThroughCurvePointsAxes
INFO   - Checker::prepareForDisplay  transformation=Transformation
  affine=no matrix=(0.00126582, 0, -0.201266, 0, -0.000632111, 0.72086, 0, 0, 1)
INFO   - Checker::adjustPolarAngleRanges transformation=Transformation
  affine=no matrix=(0.00126582, 0, -0.201266, 0, -0.000632111, 0.72086, 0, 0, 1)
INFO   - Checker::adjustPolarAngleRanges path=()
INFO   - TransformationStateDefined::startTimer
INFO   - GraphicsScene::updateAfterCommand
INFO   - GraphicsLinesForCurves::updateHighlightOpacity highlightOpacity=0.35
INFO   - GraphicsLinesForCurve::updateCurveStyle curve=gamma highlightOpacity=0.35
INFO   - GraphicsLinesForCurve::updateCurveStyle curve=Axes highlightOpacity=0.35
INFO   - GraphicsScene::updateCurves
INFO   - Document::curvesGraphsNames
INFO   - CoordSystemContext::curvesGraphsNames
INFO   - GraphicsLinesForCurves::addRemoveCurves curveCount=2
INFO   - GraphicsScene::updatePointMembership
INFO   - GraphicsLinesForCurves::lineMembershipReset
INFO   - GraphicsLinesForCurve::lineMembershipReset curve=gamma
INFO   - GraphicsLinesForCurve::lineMembershipReset curve=Axes
INFO   - Document::iterateThroughCurvePointsAxes
INFO   - CoordSystemContext::iterateThroughCurvePointsAxes
INFO   - GraphicsScene::createPoint identifier=Axes	point	3
INFO   - GraphicsPointPolygon::GraphicsPointPolygon
INFO   - GraphicsPointPolygon::GraphicsPointPolygon
INFO   - GraphicsScene::createPoint identifier=Axes	point	5
INFO   - GraphicsPointPolygon::GraphicsPointPolygon
INFO   - GraphicsPointPolygon::GraphicsPointPolygon
INFO   - Document::iterateThroughCurvesPointsGraphs
INFO   - CoordSystemContext::iterateThroughCurvesPointsGraphs
INFO   - GraphicsLinesForCurves::lineMembershipPurge
INFO   - GraphicsLinesForCurve::lineMembershipPurge curve=gamma
INFO   - GraphicsLinesForCurve::updateGraphicsLinesToMatchGraphicsPoints numberPoints=0 ordinalRenumbering=false
INFO   - GraphicsLinesForCurve::drawLinesStraight curve=gamma
INFO   - GraphicsLinesForCurve::lineMembershipPurge curve=Axes
INFO   - GraphicsLinesForCurve::renumberOrdinals
INFO   - GraphicsLinesForCurve::updateGraphicsLinesToMatchGraphicsPoints numberPoints=3 ordinalRenumbering=true
INFO   - DigitizeStateAxis::updateAfterPointAddition
INFO   - MainWindow::updateControls selectedItems=0
INFO   - CmdStackShadow::canRedo
INFO   - MainWindow::updateChecklistGuide
INFO   - ChecklistGuide::update
INFO   - ChecklistGuideBrowser::update
INFO   - ChecklistGuideBrowser::repopulateCheckedTags
INFO   - Document::curveAxes
INFO   - CoordSystemContext::curveAxes
INFO   - Document::curveAxes
INFO   - CoordSystemContext::curveAxes
INFO   - Document::curveAxes
INFO   - CoordSystemContext::curveAxes
INFO   - Document::curvesGraphsNumPoints
INFO   - CoordSystemContext::curvesGraphsNumPoints
INFO   - ChecklistGuideBrowser::refresh
INFO   - ChecklistGuideBrowser::processAhrefs
INFO   - ChecklistGuideBrowser::bindToDocument
INFO   - ChecklistGuideBrowser::bindToDocument
INFO   - ChecklistGuideBrowser::bindToDocument
INFO   - ChecklistGuideBrowser::bindToDocument
INFO   - ChecklistGuideBrowser::bindToDocument
INFO   - ChecklistGuideBrowser::bindToDocument
INFO   - ChecklistGuideBrowser::processCheckboxes
INFO   - ChecklistGuideBrowser::check
INFO   - ChecklistGuideBrowser::check
INFO   - ChecklistGuideBrowser::check
INFO   - ChecklistGuideBrowser::check
INFO   - ChecklistGuideBrowser::check
INFO   - ChecklistGuideBrowser::check
INFO   - ChecklistGuideBrowser::processDivs
INFO   - ChecklistGuideBrowser::divShow anchor=
INFO   - ChecklistGuideBrowser::divHide anchor=BACKGROUND
INFO   - ChecklistGuideBrowser::divHide anchor=AXIS1
INFO   - ChecklistGuideBrowser::divHide anchor=AXIS2
INFO   - ChecklistGuideBrowser::divHide anchor=AXIS3
INFO   - ChecklistGuideBrowser::divHide anchor=gamma
INFO   - ChecklistGuideBrowser::divHide anchor=EXPORT
INFO   - MainWindow::updateFittingWindow
INFO   - FittingWindow::update
INFO   - Document::curveForCurveName
INFO   - CoordSystemContext::curveForCurveName
INFO   - FittingWindow::resizeTable
INFO   - MainWindow::slotFittingWindowCurveFit order=9
INFO   - MainWindow::updateGeometryWindow
INFO   - GeometryWindow::update
INFO   - Document::curveForCurveName
INFO   - CoordSystemContext::curveForCurveName
INFO   - GeometryWindow::resizeTable
INFO   - CoordSystemContext::printStream
INFO   - DocumentScrub::DocumentScrub
INFO   - DocumentScrub::check
INFO   - Document::iterateThroughCurvePointsAxes
INFO   - CoordSystemContext::iterateThroughCurvePointsAxes
INFO   - Document::iterateThroughCurvesPointsGraphs
INFO   - CoordSystemContext::iterateThroughCurvesPointsGraphs
INFO   - Document::iterateThroughCurvePointsAxes
INFO   - CoordSystemContext::iterateThroughCurvePointsAxes
INFO   - Document::iterateThroughCurvesPointsGraphs
INFO   - CoordSystemContext::iterateThroughCurvesPointsGraphs
INFO   - DocumentHashGenerator::generator result=ÉDĻ╩Ļźūų┌2Ż;c
INFO   - CmdAbstract::saveOrCheckPostCommandDocumentStateHash stateHash=ÉDĻ╩Ļźūų┌2Ż;c
INFO   - Point::identifierIndex identifierIndex=6
INFO   - CmdAbstract::redo identifierIndex=5->6
INFO   - CmdStackShadow::canRedo
INFO   - MainWindow::wheelEvent degrees=-15 phase=0
INFO   - MainWindow::wheelEvent degrees=-15 phase=0
INFO   - TransformationStateDefined::slotTimeout
INFO   - MainWindow::wheelEvent degrees=-15 phase=0
INFO   - MainWindow::wheelEvent degrees=-15 phase=0
INFO   - MainWindow::slotDigitizeCurve
INFO   - DigitizeStateAxis::end
INFO   - DigitizeStateCurve::begin
INFO   - ViewPointStyle::setPointStyle
INFO   - ViewPointStyle::pixmapForCurrentSettings
INFO   - DocumentModelColorFilter::DocumentModelColorFilter
INFO   - ViewSegmentFilter::setColorFilterSettings
INFO   - MainWindow::updateDigitizeStateIfSoftwareTriggered
INFO   - MainWindow::slotDigitizeCurve
INFO   - ViewPointStyle::setEnabled enabled=true
INFO   - ViewPointStyle::pixmapForCurrentSettings
INFO   - ViewSegmentFilter::setEnabled enabled=true
INFO   - MainWindow::updateControls selectedItems=0
INFO   - CmdStackShadow::canRedo
INFO   - ViewPointStyle::setEnabled enabled=true
INFO   - ViewPointStyle::pixmapForCurrentSettings
INFO   - ViewSegmentFilter::setEnabled enabled=true
INFO   - MainWindow::updateControls selectedItems=0
INFO   - CmdStackShadow::canRedo
INFO   - MainWindow::slotMousePress
INFO   - GraphicsScene::resetPositionHasChangedFlags
INFO   - DigitizeStateCurve::handleMousePress
INFO   - MainWindow::slotMouseRelease
INFO   - DigitizeStateCurve::handleMouseRelease
INFO   - Document::iterateThroughCurveSegments
INFO   - CoordSystemContext::iterateThroughCurveSegments
INFO   - CmdAbstract::CmdAbstract
INFO   - CmdPointChangeBase::CmdPointChangeBase
INFO   - CmdAddPointGraph::CmdAddPointGraph posScreen=(543.5, 538.5) ordinal=1
INFO   - DigitizeStateContext::appendNewCmd
INFO   - CmdAbstract::redo
INFO   - Point::identifierIndex identifierIndex=6
INFO   - CmdAddPointGraph::cmdRedo
INFO   - Document::iterateThroughCurvePointsAxes
INFO   - CoordSystemContext::iterateThroughCurvePointsAxes
INFO   - Document::iterateThroughCurvesPointsGraphs
INFO   - CoordSystemContext::iterateThroughCurvesPointsGraphs
INFO   - DocumentHashGenerator::generator result=ÉDĻ╩Ļźūų┌2Ż;c
INFO   - CmdAbstract::saveOrCheckPreCommandDocumentStateHash stateHash=ÉDĻ╩Ļźūų┌2Ż;c
INFO   - CmdPointChangeBase::saveDocumentState
INFO   - Document::curveAxes
INFO   - CoordSystemContext::curveAxes
INFO   - Document::curvesGraphs
INFO   - CoordSystemContext::curvesGraphs
INFO   - Document::addPointGraphWithGeneratedIdentifier
INFO   - CoordSystemContext::addPointGraphWithGeneratedIdentifier
INFO   - Point::uniqueIdentifierGenerator curveName=gamma identifierIndex=6
INFO   - CoordSystem::addPointGraphWithGeneratedIdentifier ordinal=1 posScreen=(543.5, 538.5) identifier=gamma	point	6
INFO   - Document::updatePointOrdinals
INFO   - CoordSystemContext::updatePointOrdinals
INFO   - CoordSystem::updatePointOrdinals
INFO   - CurvesGraphs::updatePointOrdinals
INFO   - Curve::updatePointOrdinals curve=gamma connectAs=FunctionSmooth
INFO   - Curve::updatePointOrdinalsFunctions curve=gamma connectAs=FunctionSmooth
INFO   - MainWindow::updateAfterCommand
INFO   - MainWindow::updateAfterCommandStatusBarCoords
INFO   - Document::iterateThroughCurvePointsAxes
INFO   - CoordSystemContext::iterateThroughCurvePointsAxes
INFO   - Transformation::calculateTransformFromLinearCartesianPoints
INFO   - Transformation::updateTransformFromMatrices matrixScreen=
                         159            949            159
                         824            824             33
                           1              1              1  matrixGraphRaw=
                           0              1              0
                         0.2            0.2            0.7
                           1              1              1  matrixGraphLinear=
                           0              1              0
                         0.2            0.2            0.7
                           1              1              1
 originalScreen0=(159, 824)
 originalScreen1=(949, 824)
 originalScreen2=(159, 33)
 roundTripScreen0=(159, 824)
 roundTripScreen1=(949, 824)
 roundTripScreen2=(159, 33)

INFO   - DocumentModelColorFilter::DocumentModelColorFilter
INFO   - BackgroundStateContext::setCurveSelected curve=gamma
INFO   - BackgroundStateCurve::setCurveSelected curve=gamma
INFO   - BackgroundStateCurve::processImageFromSavedInputs
INFO   - DocumentModelColorFilter::high curve=gamma curves=gamma,Axes
INFO   - DocumentModelColorFilter::low curve=gamma curves=gamma,Axes
INFO   - GridRemoval::remove transformationIsDefined=true removeDefinedGridLines=false
INFO   - BackgroundStateAbstractBase::setProcessedPixmap map=(987x961)
INFO   - BackgroundStateNone::setCurveSelected
INFO   - BackgroundStateOriginal::setCurveSelected
INFO   - BackgroundStateUnloaded::setCurveSelected
INFO   - MainWindow::updateGridLines
INFO   - GraphicsScene::updateAfterCommand
INFO   - GraphicsLinesForCurves::updateHighlightOpacity highlightOpacity=0.35
INFO   - GraphicsLinesForCurve::updateCurveStyle curve=gamma highlightOpacity=0.35
INFO   - GraphicsLinesForCurve::updateCurveStyle curve=Axes highlightOpacity=0.35
INFO   - GraphicsScene::updateCurves
INFO   - Document::curvesGraphsNames
INFO   - CoordSystemContext::curvesGraphsNames
INFO   - GraphicsLinesForCurves::addRemoveCurves curveCount=2
INFO   - GraphicsScene::updatePointMembership
INFO   - GraphicsLinesForCurves::lineMembershipReset
INFO   - GraphicsLinesForCurve::lineMembershipReset curve=gamma
INFO   - GraphicsLinesForCurve::lineMembershipReset curve=Axes
INFO   - Document::iterateThroughCurvePointsAxes
INFO   - CoordSystemContext::iterateThroughCurvePointsAxes
INFO   - GraphicsScene::createPoint identifier=Axes	point	5
INFO   - GraphicsPointPolygon::GraphicsPointPolygon
INFO   - GraphicsPointPolygon::GraphicsPointPolygon
INFO   - Document::iterateThroughCurvesPointsGraphs
INFO   - CoordSystemContext::iterateThroughCurvesPointsGraphs
INFO   - GraphicsScene::createPoint identifier=gamma	point	6
INFO   - GraphicsPointPolygon::GraphicsPointPolygon
INFO   - GraphicsPointPolygon::GraphicsPointPolygon
INFO   - GraphicsLinesForCurves::lineMembershipPurge
INFO   - GraphicsLinesForCurve::lineMembershipPurge curve=gamma
INFO   - GraphicsLinesForCurve::updateGraphicsLinesToMatchGraphicsPoints numberPoints=1 ordinalRenumbering=false
INFO   - GraphicsLinesForCurve::drawLinesStraight curve=gamma
INFO   - GraphicsLinesForCurve::lineMembershipPurge curve=Axes
INFO   - GraphicsLinesForCurve::renumberOrdinals
INFO   - GraphicsLinesForCurve::updateGraphicsLinesToMatchGraphicsPoints numberPoints=3 ordinalRenumbering=true
INFO   - DigitizeStateCurve::updateAfterPointAddition
INFO   - MainWindow::updateControls selectedItems=0
INFO   - CmdStackShadow::canRedo
INFO   - MainWindow::updateChecklistGuide
INFO   - ChecklistGuide::update
INFO   - ChecklistGuideBrowser::update
INFO   - ChecklistGuideBrowser::repopulateCheckedTags
INFO   - Document::curveAxes
INFO   - CoordSystemContext::curveAxes
INFO   - Document::curveAxes
INFO   - CoordSystemContext::curveAxes
INFO   - Document::curveAxes
INFO   - CoordSystemContext::curveAxes
INFO   - Document::curvesGraphsNumPoints
INFO   - CoordSystemContext::curvesGraphsNumPoints
INFO   - ChecklistGuideBrowser::refresh
INFO   - ChecklistGuideBrowser::processAhrefs
INFO   - ChecklistGuideBrowser::bindToDocument
INFO   - ChecklistGuideBrowser::bindToDocument
INFO   - ChecklistGuideBrowser::bindToDocument
INFO   - ChecklistGuideBrowser::bindToDocument
INFO   - ChecklistGuideBrowser::bindToDocument
INFO   - ChecklistGuideBrowser::bindToDocument
INFO   - ChecklistGuideBrowser::processCheckboxes
INFO   - ChecklistGuideBrowser::check
INFO   - ChecklistGuideBrowser::check
INFO   - ChecklistGuideBrowser::check
INFO   - ChecklistGuideBrowser::check
INFO   - ChecklistGuideBrowser::check
INFO   - ChecklistGuideBrowser::check
INFO   - ChecklistGuideBrowser::processDivs
INFO   - ChecklistGuideBrowser::divShow anchor=
INFO   - ChecklistGuideBrowser::divHide anchor=BACKGROUND
INFO   - ChecklistGuideBrowser::divHide anchor=AXIS1
INFO   - ChecklistGuideBrowser::divHide anchor=AXIS2
INFO   - ChecklistGuideBrowser::divHide anchor=AXIS3
INFO   - ChecklistGuideBrowser::divHide anchor=gamma
INFO   - ChecklistGuideBrowser::divHide anchor=EXPORT
INFO   - MainWindow::updateFittingWindow
INFO   - FittingWindow::update
INFO   - Document::curveForCurveName
INFO   - CoordSystemContext::curveForCurveName
INFO   - FittingWindow::resizeTable
INFO   - MainWindow::slotFittingWindowCurveFit order=9
INFO   - MainWindow::updateGeometryWindow
INFO   - GeometryWindow::update
INFO   - Document::curveForCurveName
INFO   - CoordSystemContext::curveForCurveName
INFO   - GeometryWindow::resizeTable
INFO   - CoordSystemContext::printStream
INFO   - DocumentScrub::DocumentScrub
INFO   - DocumentScrub::check
INFO   - Document::iterateThroughCurvePointsAxes
INFO   - CoordSystemContext::iterateThroughCurvePointsAxes
INFO   - Document::iterateThroughCurvesPointsGraphs
INFO   - CoordSystemContext::iterateThroughCurvesPointsGraphs
INFO   - Document::iterateThroughCurvePointsAxes
INFO   - CoordSystemContext::iterateThroughCurvePointsAxes
INFO   - Document::iterateThroughCurvesPointsGraphs
INFO   - CoordSystemContext::iterateThroughCurvesPointsGraphs
INFO   - DocumentHashGenerator::generator result=╚ÆŁSÓ¾5_¬^;:▀łaO
INFO   - CmdAbstract::saveOrCheckPostCommandDocumentStateHash stateHash=╚ÆŁSÓ¾5_¬^;:▀łaO
INFO   - Point::identifierIndex identifierIndex=7
INFO   - CmdAbstract::redo identifierIndex=6->7
INFO   - CmdStackShadow::canRedo
INFO   - MainWindow::slotMousePress
INFO   - GraphicsScene::resetPositionHasChangedFlags
INFO   - DigitizeStateCurve::handleMousePress
INFO   - MainWindow::slotMouseRelease
INFO   - DigitizeStateCurve::handleMouseRelease
INFO   - Document::iterateThroughCurveSegments
INFO   - CoordSystemContext::iterateThroughCurveSegments
INFO   - CmdAbstract::CmdAbstract
INFO   - CmdPointChangeBase::CmdPointChangeBase
INFO   - CmdAddPointGraph::CmdAddPointGraph posScreen=(574, 546) ordinal=1
INFO   - DigitizeStateContext::appendNewCmd
INFO   - CmdAbstract::redo
INFO   - Point::identifierIndex identifierIndex=7
INFO   - CmdAddPointGraph::cmdRedo
INFO   - Document::iterateThroughCurvePointsAxes
INFO   - CoordSystemContext::iterateThroughCurvePointsAxes
INFO   - Document::iterateThroughCurvesPointsGraphs
INFO   - CoordSystemContext::iterateThroughCurvesPointsGraphs
INFO   - DocumentHashGenerator::generator result=╚ÆŁSÓ¾5_¬^;:▀łaO
INFO   - CmdAbstract::saveOrCheckPreCommandDocumentStateHash stateHash=╚ÆŁSÓ¾5_¬^;:▀łaO
INFO   - CmdPointChangeBase::saveDocumentState
INFO   - Document::curveAxes
INFO   - CoordSystemContext::curveAxes
INFO   - Document::curvesGraphs
INFO   - CoordSystemContext::curvesGraphs
INFO   - Document::addPointGraphWithGeneratedIdentifier
INFO   - CoordSystemContext::addPointGraphWithGeneratedIdentifier
INFO   - Point::uniqueIdentifierGenerator curveName=gamma identifierIndex=7
INFO   - CoordSystem::addPointGraphWithGeneratedIdentifier ordinal=1 posScreen=(574, 546) identifier=gamma	point	7
INFO   - Document::updatePointOrdinals
INFO   - CoordSystemContext::updatePointOrdinals
INFO   - CoordSystem::updatePointOrdinals
INFO   - CurvesGraphs::updatePointOrdinals
INFO   - Curve::updatePointOrdinals curve=gamma connectAs=FunctionSmooth
INFO   - Curve::updatePointOrdinalsFunctions curve=gamma connectAs=FunctionSmooth
INFO   - MainWindow::updateAfterCommand
INFO   - MainWindow::updateAfterCommandStatusBarCoords
INFO   - Document::iterateThroughCurvePointsAxes
INFO   - CoordSystemContext::iterateThroughCurvePointsAxes
INFO   - Transformation::calculateTransformFromLinearCartesianPoints
INFO   - Transformation::updateTransformFromMatrices matrixScreen=
                         159            949            159
                         824            824             33
                           1              1              1  matrixGraphRaw=
                           0              1              0
                         0.2            0.2            0.7
                           1              1              1  matrixGraphLinear=
                           0              1              0
                         0.2            0.2            0.7
                           1              1              1
 originalScreen0=(159, 824)
 originalScreen1=(949, 824)
 originalScreen2=(159, 33)
 roundTripScreen0=(159, 824)
 roundTripScreen1=(949, 824)
 roundTripScreen2=(159, 33)

INFO   - DocumentModelColorFilter::DocumentModelColorFilter
INFO   - BackgroundStateContext::setCurveSelected curve=gamma
INFO   - BackgroundStateCurve::setCurveSelected curve=gamma
INFO   - BackgroundStateCurve::processImageFromSavedInputs
INFO   - DocumentModelColorFilter::high curve=gamma curves=gamma,Axes
INFO   - DocumentModelColorFilter::low curve=gamma curves=gamma,Axes
INFO   - GridRemoval::remove transformationIsDefined=true removeDefinedGridLines=false
INFO   - BackgroundStateAbstractBase::setProcessedPixmap map=(987x961)
INFO   - BackgroundStateNone::setCurveSelected
INFO   - BackgroundStateOriginal::setCurveSelected
INFO   - BackgroundStateUnloaded::setCurveSelected
INFO   - MainWindow::updateGridLines
INFO   - GraphicsScene::updateAfterCommand
INFO   - GraphicsLinesForCurves::updateHighlightOpacity highlightOpacity=0.35
INFO   - GraphicsLinesForCurve::updateCurveStyle curve=gamma highlightOpacity=0.35
INFO   - GraphicsLinesForCurve::updateCurveStyle curve=Axes highlightOpacity=0.35
INFO   - GraphicsScene::updateCurves
INFO   - Document::curvesGraphsNames
INFO   - CoordSystemContext::curvesGraphsNames
INFO   - GraphicsLinesForCurves::addRemoveCurves curveCount=2
INFO   - GraphicsScene::updatePointMembership
INFO   - GraphicsLinesForCurves::lineMembershipReset
INFO   - GraphicsLinesForCurve::lineMembershipReset curve=gamma
INFO   - GraphicsLinesForCurve::lineMembershipReset curve=Axes
INFO   - Document::iterateThroughCurvePointsAxes
INFO   - CoordSystemContext::iterateThroughCurvePointsAxes
INFO   - GraphicsScene::createPoint identifier=Axes	point	5
INFO   - GraphicsPointPolygon::GraphicsPointPolygon
INFO   - GraphicsPointPolygon::GraphicsPointPolygon
INFO   - Document::iterateThroughCurvesPointsGraphs
INFO   - CoordSystemContext::iterateThroughCurvesPointsGraphs
INFO   - GraphicsScene::createPoint identifier=gamma	point	7
INFO   - GraphicsPointPolygon::GraphicsPointPolygon
INFO   - GraphicsPointPolygon::GraphicsPointPolygon
INFO   - GraphicsLinesForCurves::lineMembershipPurge
INFO   - GraphicsLinesForCurve::lineMembershipPurge curve=gamma
INFO   - GraphicsLinesForCurve::updateGraphicsLinesToMatchGraphicsPoints numberPoints=2 ordinalRenumbering=false
INFO   - GraphicsLinesForCurve::drawLinesStraight curve=gamma
INFO   - GraphicsLinesForCurve::lineMembershipPurge curve=Axes
INFO   - GraphicsLinesForCurve::renumberOrdinals
INFO   - GraphicsLinesForCurve::updateGraphicsLinesToMatchGraphicsPoints numberPoints=3 ordinalRenumbering=true
INFO   - DigitizeStateCurve::updateAfterPointAddition
INFO   - MainWindow::updateControls selectedItems=0
INFO   - CmdStackShadow::canRedo
INFO   - MainWindow::updateChecklistGuide
INFO   - ChecklistGuide::update
INFO   - ChecklistGuideBrowser::update
INFO   - ChecklistGuideBrowser::repopulateCheckedTags
INFO   - Document::curveAxes
INFO   - CoordSystemContext::curveAxes
INFO   - Document::curveAxes
INFO   - CoordSystemContext::curveAxes
INFO   - Document::curveAxes
INFO   - CoordSystemContext::curveAxes
INFO   - Document::curvesGraphsNumPoints
INFO   - CoordSystemContext::curvesGraphsNumPoints
INFO   - ChecklistGuideBrowser::refresh
INFO   - ChecklistGuideBrowser::processAhrefs
INFO   - ChecklistGuideBrowser::bindToDocument
INFO   - ChecklistGuideBrowser::bindToDocument
INFO   - ChecklistGuideBrowser::bindToDocument
INFO   - ChecklistGuideBrowser::bindToDocument
INFO   - ChecklistGuideBrowser::bindToDocument
INFO   - ChecklistGuideBrowser::bindToDocument
INFO   - ChecklistGuideBrowser::processCheckboxes
INFO   - ChecklistGuideBrowser::check
INFO   - ChecklistGuideBrowser::check
INFO   - ChecklistGuideBrowser::check
INFO   - ChecklistGuideBrowser::check
INFO   - ChecklistGuideBrowser::check
INFO   - ChecklistGuideBrowser::check
INFO   - ChecklistGuideBrowser::processDivs
INFO   - ChecklistGuideBrowser::divShow anchor=
INFO   - ChecklistGuideBrowser::divHide anchor=BACKGROUND
INFO   - ChecklistGuideBrowser::divHide anchor=AXIS1
INFO   - ChecklistGuideBrowser::divHide anchor=AXIS2
INFO   - ChecklistGuideBrowser::divHide anchor=AXIS3
INFO   - ChecklistGuideBrowser::divHide anchor=gamma
INFO   - ChecklistGuideBrowser::divHide anchor=EXPORT
INFO   - MainWindow::updateFittingWindow
INFO   - FittingWindow::update
INFO   - Document::curveForCurveName
INFO   - CoordSystemContext::curveForCurveName
INFO   - FittingWindow::resizeTable
INFO   - MainWindow::slotFittingWindowCurveFit order=9
INFO   - MainWindow::updateGeometryWindow
INFO   - GeometryWindow::update
INFO   - Document::curveForCurveName
INFO   - CoordSystemContext::curveForCurveName
INFO   - GeometryWindow::resizeTable
INFO   - CoordSystemContext::printStream
INFO   - DocumentScrub::DocumentScrub
INFO   - DocumentScrub::check
INFO   - Document::iterateThroughCurvePointsAxes
INFO   - CoordSystemContext::iterateThroughCurvePointsAxes
INFO   - Document::iterateThroughCurvesPointsGraphs
INFO   - CoordSystemContext::iterateThroughCurvesPointsGraphs
INFO   - Document::iterateThroughCurvePointsAxes
INFO   - CoordSystemContext::iterateThroughCurvePointsAxes
INFO   - Document::iterateThroughCurvesPointsGraphs
INFO   - CoordSystemContext::iterateThroughCurvesPointsGraphs
INFO   - DocumentHashGenerator::generator result=\f	xÄąćVÅ²+£╩h(a
INFO   - CmdAbstract::saveOrCheckPostCommandDocumentStateHash stateHash=\f	xÄąćVÅ²+£╩h(a
INFO   - Point::identifierIndex identifierIndex=8
INFO   - CmdAbstract::redo identifierIndex=7->8
INFO   - CmdStackShadow::canRedo
INFO   - MainWindow::slotMousePress
INFO   - GraphicsScene::resetPositionHasChangedFlags
INFO   - DigitizeStateCurve::handleMousePress
INFO   - MainWindow::slotMouseRelease
INFO   - DigitizeStateCurve::handleMouseRelease
INFO   - Document::iterateThroughCurveSegments
INFO   - CoordSystemContext::iterateThroughCurveSegments
INFO   - CmdAbstract::CmdAbstract
INFO   - CmdPointChangeBase::CmdPointChangeBase
INFO   - CmdAddPointGraph::CmdAddPointGraph posScreen=(586, 561.5) ordinal=2.5
INFO   - DigitizeStateContext::appendNewCmd
INFO   - CmdAbstract::redo
INFO   - Point::identifierIndex identifierIndex=8
INFO   - CmdAddPointGraph::cmdRedo
INFO   - Document::iterateThroughCurvePointsAxes
INFO   - CoordSystemContext::iterateThroughCurvePointsAxes
INFO   - Document::iterateThroughCurvesPointsGraphs
INFO   - CoordSystemContext::iterateThroughCurvesPointsGraphs
INFO   - DocumentHashGenerator::generator result=\f	xÄąćVÅ²+£╩h(a
INFO   - CmdAbstract::saveOrCheckPreCommandDocumentStateHash stateHash=\f	xÄąćVÅ²+£╩h(a
INFO   - CmdPointChangeBase::saveDocumentState
INFO   - Document::curveAxes
INFO   - CoordSystemContext::curveAxes
INFO   - Document::curvesGraphs
INFO   - CoordSystemContext::curvesGraphs
INFO   - Document::addPointGraphWithGeneratedIdentifier
INFO   - CoordSystemContext::addPointGraphWithGeneratedIdentifier
INFO   - Point::uniqueIdentifierGenerator curveName=gamma identifierIndex=8
INFO   - CoordSystem::addPointGraphWithGeneratedIdentifier ordinal=2.5 posScreen=(586, 561.5) identifier=gamma	point	8
INFO   - Document::updatePointOrdinals
INFO   - CoordSystemContext::updatePointOrdinals
INFO   - CoordSystem::updatePointOrdinals
INFO   - CurvesGraphs::updatePointOrdinals
INFO   - Curve::updatePointOrdinals curve=gamma connectAs=FunctionSmooth
INFO   - Curve::updatePointOrdinalsFunctions curve=gamma connectAs=FunctionSmooth
INFO   - MainWindow::updateAfterCommand
INFO   - MainWindow::updateAfterCommandStatusBarCoords
INFO   - Document::iterateThroughCurvePointsAxes
INFO   - CoordSystemContext::iterateThroughCurvePointsAxes
INFO   - Transformation::calculateTransformFromLinearCartesianPoints
INFO   - Transformation::updateTransformFromMatrices matrixScreen=
                         159            949            159
                         824            824             33
                           1              1              1  matrixGraphRaw=
                           0              1              0
                         0.2            0.2            0.7
                           1              1              1  matrixGraphLinear=
                           0              1              0
                         0.2            0.2            0.7
                           1              1              1
 originalScreen0=(159, 824)
 originalScreen1=(949, 824)
 originalScreen2=(159, 33)
 roundTripScreen0=(159, 824)
 roundTripScreen1=(949, 824)
 roundTripScreen2=(159, 33)

INFO   - DocumentModelColorFilter::DocumentModelColorFilter
INFO   - BackgroundStateContext::setCurveSelected curve=gamma
INFO   - BackgroundStateCurve::setCurveSelected curve=gamma
INFO   - BackgroundStateCurve::processImageFromSavedInputs
INFO   - DocumentModelColorFilter::high curve=gamma curves=gamma,Axes
INFO   - DocumentModelColorFilter::low curve=gamma curves=gamma,Axes
INFO   - GridRemoval::remove transformationIsDefined=true removeDefinedGridLines=false
INFO   - BackgroundStateAbstractBase::setProcessedPixmap map=(987x961)
INFO   - BackgroundStateNone::setCurveSelected
INFO   - BackgroundStateOriginal::setCurveSelected
INFO   - BackgroundStateUnloaded::setCurveSelected
INFO   - MainWindow::updateGridLines
INFO   - GraphicsScene::updateAfterCommand
INFO   - GraphicsLinesForCurves::updateHighlightOpacity highlightOpacity=0.35
INFO   - GraphicsLinesForCurve::updateCurveStyle curve=gamma highlightOpacity=0.35
INFO   - GraphicsLinesForCurve::updateCurveStyle curve=Axes highlightOpacity=0.35
INFO   - GraphicsScene::updateCurves
INFO   - Document::curvesGraphsNames
INFO   - CoordSystemContext::curvesGraphsNames
INFO   - GraphicsLinesForCurves::addRemoveCurves curveCount=2
INFO   - GraphicsScene::updatePointMembership
INFO   - GraphicsLinesForCurves::lineMembershipReset
INFO   - GraphicsLinesForCurve::lineMembershipReset curve=gamma
INFO   - GraphicsLinesForCurve::lineMembershipReset curve=Axes
INFO   - Document::iterateThroughCurvePointsAxes
INFO   - CoordSystemContext::iterateThroughCurvePointsAxes
INFO   - GraphicsScene::createPoint identifier=Axes	point	5
INFO   - GraphicsPointPolygon::GraphicsPointPolygon
INFO   - GraphicsPointPolygon::GraphicsPointPolygon
INFO   - Document::iterateThroughCurvesPointsGraphs
INFO   - CoordSystemContext::iterateThroughCurvesPointsGraphs
INFO   - GraphicsScene::createPoint identifier=gamma	point	8
INFO   - GraphicsPointPolygon::GraphicsPointPolygon
INFO   - GraphicsPointPolygon::GraphicsPointPolygon
INFO   - GraphicsLinesForCurves::lineMembershipPurge
INFO   - GraphicsLinesForCurve::lineMembershipPurge curve=gamma
INFO   - GraphicsLinesForCurve::updateGraphicsLinesToMatchGraphicsPoints numberPoints=3 ordinalRenumbering=false
INFO   - GraphicsLinesForCurve::drawLinesSmooth curve=gamma
INFO   - GraphicsLinesForCurve::lineMembershipPurge curve=Axes
INFO   - GraphicsLinesForCurve::renumberOrdinals
INFO   - GraphicsLinesForCurve::updateGraphicsLinesToMatchGraphicsPoints numberPoints=3 ordinalRenumbering=true
INFO   - DigitizeStateCurve::updateAfterPointAddition
INFO   - MainWindow::updateControls selectedItems=0
INFO   - CmdStackShadow::canRedo
INFO   - MainWindow::updateChecklistGuide
INFO   - ChecklistGuide::update
INFO   - ChecklistGuideBrowser::update
INFO   - ChecklistGuideBrowser::repopulateCheckedTags
INFO   - Document::curveAxes
INFO   - CoordSystemContext::curveAxes
INFO   - Document::curveAxes
INFO   - CoordSystemContext::curveAxes
INFO   - Document::curveAxes
INFO   - CoordSystemContext::curveAxes
INFO   - Document::curvesGraphsNumPoints
INFO   - CoordSystemContext::curvesGraphsNumPoints
INFO   - ChecklistGuideBrowser::refresh
INFO   - ChecklistGuideBrowser::processAhrefs
INFO   - ChecklistGuideBrowser::bindToDocument
INFO   - ChecklistGuideBrowser::bindToDocument
INFO   - ChecklistGuideBrowser::bindToDocument
INFO   - ChecklistGuideBrowser::bindToDocument
INFO   - ChecklistGuideBrowser::bindToDocument
INFO   - ChecklistGuideBrowser::bindToDocument
INFO   - ChecklistGuideBrowser::processCheckboxes
INFO   - ChecklistGuideBrowser::check
INFO   - ChecklistGuideBrowser::check
INFO   - ChecklistGuideBrowser::check
INFO   - ChecklistGuideBrowser::check
INFO   - ChecklistGuideBrowser::check
INFO   - ChecklistGuideBrowser::check
INFO   - ChecklistGuideBrowser::processDivs
INFO   - ChecklistGuideBrowser::divShow anchor=
INFO   - ChecklistGuideBrowser::divHide anchor=BACKGROUND
INFO   - ChecklistGuideBrowser::divHide anchor=AXIS1
INFO   - ChecklistGuideBrowser::divHide anchor=AXIS2
INFO   - ChecklistGuideBrowser::divHide anchor=AXIS3
INFO   - ChecklistGuideBrowser::divHide anchor=gamma
INFO   - ChecklistGuideBrowser::divHide anchor=EXPORT
INFO   - MainWindow::updateFittingWindow
INFO   - FittingWindow::update
INFO   - Document::curveForCurveName
INFO   - CoordSystemContext::curveForCurveName
INFO   - FittingWindow::resizeTable
INFO   - MainWindow::slotFittingWindowCurveFit order=9
INFO   - MainWindow::updateGeometryWindow
INFO   - GeometryWindow::update
INFO   - Document::curveForCurveName
INFO   - CoordSystemContext::curveForCurveName
INFO   - GeometryWindow::resizeTable
INFO   - CoordSystemContext::printStream
INFO   - DocumentScrub::DocumentScrub
INFO   - DocumentScrub::check
INFO   - Document::iterateThroughCurvePointsAxes
INFO   - CoordSystemContext::iterateThroughCurvePointsAxes
INFO   - Document::iterateThroughCurvesPointsGraphs
INFO   - CoordSystemContext::iterateThroughCurvesPointsGraphs
INFO   - Document::iterateThroughCurvePointsAxes
INFO   - CoordSystemContext::iterateThroughCurvePointsAxes
INFO   - Document::iterateThroughCurvesPointsGraphs
INFO   - CoordSystemContext::iterateThroughCurvesPointsGraphs
INFO   - DocumentHashGenerator::generator result=¼^d┤&;╣O³X/∙
INFO   - CmdAbstract::saveOrCheckPostCommandDocumentStateHash stateHash=¼^d┤&;╣O³X/∙
INFO   - Point::identifierIndex identifierIndex=9
INFO   - CmdAbstract::redo identifierIndex=8->9
INFO   - CmdStackShadow::canRedo
INFO   - MainWindow::slotFileExport
INFO   - MainWindow::fileExport curDir=/home/fpigeonneau/ownCloud/Python/PhaseDiagram/ExpeData fileName=/home/fpigeonneau/ownCloud/Python/PhaseDiagram/ExpeData/gammaatmosMgO-SiO2vsxSiO2.csv
INFO   - ExportToFile::exportToFile
INFO   - ExportFileFunctions::exportToFile
INFO   - Document::curvesGraphsNames
INFO   - CoordSystemContext::curvesGraphsNames
INFO   - ExportFileAbstractBase::curvesToInclude
INFO   - Document::curveForCurveName
INFO   - CoordSystemContext::curveForCurveName
INFO   - Document::iterateThroughCurvesPointsGraphs
INFO   - CoordSystemContext::iterateThroughCurvesPointsGraphs
INFO   - CallbackGatherXThetasAbstractBase::xThetaValuesRaw
INFO   - ExportXThetaValuesMergedFunctions::xThetaValues
INFO   - ExportFileFunctions::exportAllPerLineXThetaValuesMerged
INFO   - ExportFileFunctions::initializeYRadiusValues
INFO   - ExportFileFunctions::loadYRadiusValues
INFO   - Document::curveForCurveName
INFO   - CoordSystemContext::curveForCurveName
INFO   - ExportFileFunctions::loadYRadiusValuesForCurveInterpolatedSmooth
INFO   - ExportOrdinalsSmooth::loadSplinePairsWithTransformation
INFO   - ExportFileFunctions::outputXThetaYRadiusValues
INFO   - ExportFileAbstractBase::destroy2DArray
INFO   - ExportFileRelations::exportToFile
INFO   - Document::curvesGraphsNames
INFO   - CoordSystemContext::curvesGraphsNames
INFO   - ExportFileAbstractBase::curvesToInclude
INFO   - Document::curveForCurveName
INFO   - CoordSystemContext::curveForCurveName
INFO   - ExportFileRelations::exportAllPerLineXThetaValuesMerged
INFO   - ExportFileRelations::maxColumnSizeAllocation
INFO   - MainWindow::updateChecklistGuide
INFO   - ChecklistGuide::update
INFO   - ChecklistGuideBrowser::update
INFO   - ChecklistGuideBrowser::repopulateCheckedTags
INFO   - Document::curveAxes
INFO   - CoordSystemContext::curveAxes
INFO   - Document::curveAxes
INFO   - CoordSystemContext::curveAxes
INFO   - Document::curveAxes
INFO   - CoordSystemContext::curveAxes
INFO   - Document::curvesGraphsNumPoints
INFO   - CoordSystemContext::curvesGraphsNumPoints
INFO   - ChecklistGuideBrowser::refresh
INFO   - ChecklistGuideBrowser::processAhrefs
INFO   - ChecklistGuideBrowser::bindToDocument
INFO   - ChecklistGuideBrowser::bindToDocument
INFO   - ChecklistGuideBrowser::bindToDocument
INFO   - ChecklistGuideBrowser::bindToDocument
INFO   - ChecklistGuideBrowser::bindToDocument
INFO   - ChecklistGuideBrowser::bindToDocument
INFO   - ChecklistGuideBrowser::processCheckboxes
INFO   - ChecklistGuideBrowser::check
INFO   - ChecklistGuideBrowser::check
INFO   - ChecklistGuideBrowser::check
INFO   - ChecklistGuideBrowser::check
INFO   - ChecklistGuideBrowser::check
INFO   - ChecklistGuideBrowser::check
INFO   - ChecklistGuideBrowser::processDivs
INFO   - ChecklistGuideBrowser::divShow anchor=
INFO   - ChecklistGuideBrowser::divHide anchor=BACKGROUND
INFO   - ChecklistGuideBrowser::divHide anchor=AXIS1
INFO   - ChecklistGuideBrowser::divHide anchor=AXIS2
INFO   - ChecklistGuideBrowser::divHide anchor=AXIS3
INFO   - ChecklistGuideBrowser::divHide anchor=gamma
INFO   - ChecklistGuideBrowser::divHide anchor=EXPORT
INFO   - MainWindow::slotFileSave
INFO   - MainWindow::slotFileSaveAs
INFO   - MainWindow::saveDocumentFile fileName=/home/fpigeonneau/ownCloud/Python/PhaseDiagram/ExpeData/gammaatmosbinary.dig
INFO   - MainWindow::rebuildRecentFileListForCurrentFile
INFO   - MainWindow::updateRecentFileList
INFO   - CoordSystemContext::saveXml
INFO   - DocumentModelGeneral::saveXml
INFO   - DocumentModelCoords::saveXml
INFO   - DocumentModelDigitizeCurve::saveXml
INFO   - DocumentModelExportFormat::saveXml
INFO   - DocumentModelAxesChecker::saveXml
INFO   - DocumentModelGridDisplay::saveXml
INFO   - DocumentModelGridRemoval::saveXml
INFO   - DocumentModelPointMatch::saveXml
INFO   - DocumentModelSegments::saveXml
INFO   - Curve::saveXml
INFO   - ColorFilterSettings::saveXml
INFO   - CurveStyle::saveXml
INFO   - LineStyle::saveXml
INFO   - PointStyle::saveXml
INFO   - Point::saveXml
INFO   - Point::saveXml
INFO   - Point::saveXml
INFO   - CurvesGraphs::saveXml
INFO   - Curve::saveXml
INFO   - ColorFilterSettings::saveXml
INFO   - CurveStyle::saveXml
INFO   - LineStyle::saveXml
INFO   - PointStyle::saveXml
INFO   - Point::saveXml
INFO   - Point::saveXml
INFO   - Point::saveXml
INFO   - MainWindow::slotCleanChanged
INFO   - MainWindow::setCurrentFile
INFO   - MainWindow::updateWindowTitle
INFO   - MainWindow::updateAfterCommand
INFO   - MainWindow::updateAfterCommandStatusBarCoords
INFO   - Document::iterateThroughCurvePointsAxes
INFO   - CoordSystemContext::iterateThroughCurvePointsAxes
INFO   - Transformation::calculateTransformFromLinearCartesianPoints
INFO   - Transformation::updateTransformFromMatrices matrixScreen=
                         159            949            159
                         824            824             33
                           1              1              1  matrixGraphRaw=
                           0              1              0
                         0.2            0.2            0.7
                           1              1              1  matrixGraphLinear=
                           0              1              0
                         0.2            0.2            0.7
                           1              1              1
 originalScreen0=(159, 824)
 originalScreen1=(949, 824)
 originalScreen2=(159, 33)
 roundTripScreen0=(159, 824)
 roundTripScreen1=(949, 824)
 roundTripScreen2=(159, 33)

INFO   - DocumentModelColorFilter::DocumentModelColorFilter
INFO   - BackgroundStateContext::setCurveSelected curve=gamma
INFO   - BackgroundStateCurve::setCurveSelected curve=gamma
INFO   - BackgroundStateCurve::processImageFromSavedInputs
INFO   - DocumentModelColorFilter::high curve=gamma curves=gamma,Axes
INFO   - DocumentModelColorFilter::low curve=gamma curves=gamma,Axes
INFO   - GridRemoval::remove transformationIsDefined=true removeDefinedGridLines=false
INFO   - BackgroundStateAbstractBase::setProcessedPixmap map=(987x961)
INFO   - BackgroundStateNone::setCurveSelected
INFO   - BackgroundStateOriginal::setCurveSelected
INFO   - BackgroundStateUnloaded::setCurveSelected
INFO   - MainWindow::updateGridLines
INFO   - GraphicsScene::updateAfterCommand
INFO   - GraphicsLinesForCurves::updateHighlightOpacity highlightOpacity=0.35
INFO   - GraphicsLinesForCurve::updateCurveStyle curve=gamma highlightOpacity=0.35
INFO   - GraphicsLinesForCurve::updateCurveStyle curve=Axes highlightOpacity=0.35
INFO   - GraphicsScene::updateCurves
INFO   - Document::curvesGraphsNames
INFO   - CoordSystemContext::curvesGraphsNames
INFO   - GraphicsLinesForCurves::addRemoveCurves curveCount=2
INFO   - GraphicsScene::updatePointMembership
INFO   - GraphicsLinesForCurves::lineMembershipReset
INFO   - GraphicsLinesForCurve::lineMembershipReset curve=gamma
INFO   - GraphicsLinesForCurve::lineMembershipReset curve=Axes
INFO   - Document::iterateThroughCurvePointsAxes
INFO   - CoordSystemContext::iterateThroughCurvePointsAxes
INFO   - GraphicsScene::createPoint identifier=Axes	point	5
INFO   - GraphicsPointPolygon::GraphicsPointPolygon
INFO   - GraphicsPointPolygon::GraphicsPointPolygon
INFO   - Document::iterateThroughCurvesPointsGraphs
INFO   - CoordSystemContext::iterateThroughCurvesPointsGraphs
INFO   - GraphicsLinesForCurves::lineMembershipPurge
INFO   - GraphicsLinesForCurve::lineMembershipPurge curve=gamma
INFO   - GraphicsLinesForCurve::updateGraphicsLinesToMatchGraphicsPoints numberPoints=3 ordinalRenumbering=false
INFO   - GraphicsLinesForCurve::drawLinesSmooth curve=gamma
INFO   - GraphicsLinesForCurve::lineMembershipPurge curve=Axes
INFO   - GraphicsLinesForCurve::renumberOrdinals
INFO   - GraphicsLinesForCurve::updateGraphicsLinesToMatchGraphicsPoints numberPoints=3 ordinalRenumbering=true
INFO   - DigitizeStateCurve::updateAfterPointAddition
INFO   - MainWindow::updateControls selectedItems=0
INFO   - CmdStackShadow::canRedo
INFO   - MainWindow::updateChecklistGuide
INFO   - ChecklistGuide::update
INFO   - ChecklistGuideBrowser::update
INFO   - ChecklistGuideBrowser::repopulateCheckedTags
INFO   - Document::curveAxes
INFO   - CoordSystemContext::curveAxes
INFO   - Document::curveAxes
INFO   - CoordSystemContext::curveAxes
INFO   - Document::curveAxes
INFO   - CoordSystemContext::curveAxes
INFO   - Document::curvesGraphsNumPoints
INFO   - CoordSystemContext::curvesGraphsNumPoints
INFO   - ChecklistGuideBrowser::refresh
INFO   - ChecklistGuideBrowser::processAhrefs
INFO   - ChecklistGuideBrowser::bindToDocument
INFO   - ChecklistGuideBrowser::bindToDocument
INFO   - ChecklistGuideBrowser::bindToDocument
INFO   - ChecklistGuideBrowser::bindToDocument
INFO   - ChecklistGuideBrowser::bindToDocument
INFO   - ChecklistGuideBrowser::bindToDocument
INFO   - ChecklistGuideBrowser::processCheckboxes
INFO   - ChecklistGuideBrowser::check
INFO   - ChecklistGuideBrowser::check
INFO   - ChecklistGuideBrowser::check
INFO   - ChecklistGuideBrowser::check
INFO   - ChecklistGuideBrowser::check
INFO   - ChecklistGuideBrowser::check
INFO   - ChecklistGuideBrowser::processDivs
INFO   - ChecklistGuideBrowser::divShow anchor=
INFO   - ChecklistGuideBrowser::divHide anchor=BACKGROUND
INFO   - ChecklistGuideBrowser::divHide anchor=AXIS1
INFO   - ChecklistGuideBrowser::divHide anchor=AXIS2
INFO   - ChecklistGuideBrowser::divHide anchor=AXIS3
INFO   - ChecklistGuideBrowser::divHide anchor=gamma
INFO   - ChecklistGuideBrowser::divHide anchor=EXPORT
INFO   - MainWindow::updateFittingWindow
INFO   - FittingWindow::update
INFO   - Document::curveForCurveName
INFO   - CoordSystemContext::curveForCurveName
INFO   - FittingWindow::resizeTable
INFO   - MainWindow::slotFittingWindowCurveFit order=9
INFO   - MainWindow::updateGeometryWindow
INFO   - GeometryWindow::update
INFO   - Document::curveForCurveName
INFO   - CoordSystemContext::curveForCurveName
INFO   - GeometryWindow::resizeTable
INFO   - CoordSystemContext::printStream
INFO   - DocumentScrub::DocumentScrub
INFO   - DocumentScrub::check
INFO   - Document::iterateThroughCurvePointsAxes
INFO   - CoordSystemContext::iterateThroughCurvePointsAxes
INFO   - Document::iterateThroughCurvesPointsGraphs
INFO   - CoordSystemContext::iterateThroughCurvesPointsGraphs
INFO   - CoordSystemContext::~CoordSystemContext
INFO   - CmdStackShadow::canRedo
INFO   - DlgSettingsAxesChecker::~DlgSettingsAxesChecker
INFO   - DlgSettingsAbstractBase::~DlgSettingsAbstractBase name=DlgSettingsAxesChecker
INFO   - DlgSettingsColorFilter::~DlgSettingsColorFilter
INFO   - DlgSettingsAbstractBase::~DlgSettingsAbstractBase name=DlgSettingsColorFilter
INFO   - DlgSettingsCoords::~DlgSettingsCoords
INFO   - DlgSettingsAbstractBase::~DlgSettingsAbstractBase name=DlgSettingsCoords
INFO   - DlgSettingsCurveList::~DlgSettingsCurveList
INFO   - DlgSettingsAbstractBase::~DlgSettingsAbstractBase name=DlgSettingsCurveList
INFO   - DlgSettingsCurveProperties::~DlgSettingsCurveProperties
INFO   - DlgSettingsAbstractBase::~DlgSettingsAbstractBase name=DlgSettingsCurveProperties
INFO   - DlgSettingsDigitizeCurve::~DlgSettingsDigitizeCurve
INFO   - DlgSettingsAbstractBase::~DlgSettingsAbstractBase name=DlgSettingsDigitizeCurve
INFO   - DlgSettingsExportFormat::~DlgSettingsExportFormat
INFO   - DlgSettingsAbstractBase::~DlgSettingsAbstractBase name=DlgSettingsExportFormat
INFO   - DlgSettingsGeneral::~DlgSettingsGeneral
INFO   - DlgSettingsAbstractBase::~DlgSettingsAbstractBase name=DlgSettingsGeneral
INFO   - DlgSettingsGridDisplay::~DlgSettingsGridDisplay
INFO   - DlgSettingsAbstractBase::~DlgSettingsAbstractBase name=DlgSettingsGridDisplay
INFO   - DlgSettingsGridRemoval::~DlgSettingsGridRemoval
INFO   - DlgSettingsAbstractBase::~DlgSettingsAbstractBase name=DlgSettingsGridRemoval
INFO   - DlgSettingsMainWindow::~DlgSettingsMainWindow
INFO   - DlgSettingsAbstractBase::~DlgSettingsAbstractBase name=DlgSettingsMainWindow
INFO   - DlgSettingsPointMatch::~DlgSettingsPointMatch
INFO   - DlgSettingsAbstractBase::~DlgSettingsAbstractBase name=DlgSettingsPointMatch
INFO   - DlgSettingsSegments::~DlgSettingsSegments
INFO   - DlgSettingsAbstractBase::~DlgSettingsAbstractBase name=DlgSettingsSegments
